\BOOKMARK [1][-]{section.1}{Einf\374hrung}{}% 1
\BOOKMARK [2][-]{subsection.1.1}{Gegenstand der \326konomie}{section.1}% 2
\BOOKMARK [2][-]{subsection.1.2}{Methodisches Vorgehen der \326konomie}{section.1}% 3
\BOOKMARK [2][-]{subsection.1.3}{Gesellschaftliche Bedeutung \366konomischer Analysen}{section.1}% 4
\BOOKMARK [1][-]{section.2}{Haushalte und Nachfrage}{}% 5
\BOOKMARK [2][-]{subsection.2.1}{Grundlegende Annahmen f\374r Nachfrage- und Angebotsverhalten}{section.2}% 6
\BOOKMARK [2][-]{subsection.2.2}{Marktnachfrage nach G\374tern und Dienstleistungen}{section.2}% 7
\BOOKMARK [2][-]{subsection.2.3}{Ein Modell zu Konsumentscheidungen von Haushalten}{section.2}% 8
\BOOKMARK [3][-]{subsubsection.2.3.1}{Budgetrestriktion}{subsection.2.3}% 9
\BOOKMARK [3][-]{subsubsection.2.3.2}{Indifferenzkurven}{subsection.2.3}% 10
\BOOKMARK [3][-]{subsubsection.2.3.3}{Der optimale Konsumpunkt}{subsection.2.3}% 11
\BOOKMARK [2][-]{subsection.2.4}{Von der optimalen Entscheidung zur individuellen Nachfragefunktion}{section.2}% 12
\BOOKMARK [2][-]{subsection.2.5}{Preiselastizit\344t der Nachfrage}{section.2}% 13
\BOOKMARK [1][-]{section.3}{Angebotsverhalten und Unternehmen}{}% 14
\BOOKMARK [2][-]{subsection.3.1}{G\374terangebot von Unternehmen bei volkommner Konkurrenz}{section.3}% 15
\BOOKMARK [2][-]{subsection.3.2}{G\374terangebot eines Monopolisten}{section.3}% 16
\BOOKMARK [2][-]{subsection.3.3}{Preiselastizit\344t des Angebots}{section.3}% 17
\BOOKMARK [3][-]{subsubsection.3.3.1}{Verschiedene Elastizit\344tswerte}{subsection.3.3}% 18
\BOOKMARK [1][-]{section.4}{Kosten-Nutzen Analyse}{}% 19
\BOOKMARK [2][-]{subsection.4.1}{Gegenstand}{section.4}% 20
\BOOKMARK [2][-]{subsection.4.2}{Bestimmung von Kosten und Nutzen}{section.4}% 21
\BOOKMARK [3][-]{subsubsection.4.2.1}{Indirekte Methoden \(Revealed Preference\)}{subsection.4.2}% 22
\BOOKMARK [3][-]{subsubsection.4.2.2}{Direkte Methoden \(Stated Preference\)}{subsection.4.2}% 23
\BOOKMARK [2][-]{subsection.4.3}{Umgang mit Zeitkomponente}{section.4}% 24
\BOOKMARK [2][-]{subsection.4.4}{Unsicherheit}{section.4}% 25
\BOOKMARK [2][-]{subsection.4.5}{Verteilungsproblematik}{section.4}% 26
\BOOKMARK [1][-]{section.5}{Analyse von M\344rkten}{}% 27
\BOOKMARK [2][-]{subsection.5.1}{Aggregierte Angebots- und Nachfragekurven}{section.5}% 28
\BOOKMARK [2][-]{subsection.5.2}{Preisbildung auf M\344rkten}{section.5}% 29
\BOOKMARK [3][-]{subsubsection.5.2.1}{Preisbildung bei vollkommener Konkurrenz}{subsection.5.2}% 30
\BOOKMARK [3][-]{subsubsection.5.2.2}{Preisbildung beim Monopol}{subsection.5.2}% 31
\BOOKMARK [3][-]{subsubsection.5.2.3}{Nat\374rliches Monopol}{subsection.5.2}% 32
\BOOKMARK [2][-]{subsection.5.3}{\326konomische Renten}{section.5}% 33
\BOOKMARK [3][-]{subsubsection.5.3.1}{Renten bei vollkommener Konkurrenz}{subsection.5.3}% 34
\BOOKMARK [3][-]{subsubsection.5.3.2}{Renten beim Monopol}{subsection.5.3}% 35
\BOOKMARK [2][-]{subsection.5.4}{H\366chst- und Mindestpreise}{section.5}% 36
\BOOKMARK [3][-]{subsubsection.5.4.1}{Mindestpreise}{subsection.5.4}% 37
\BOOKMARK [3][-]{subsubsection.5.4.2}{H\366chstpreise}{subsection.5.4}% 38
\BOOKMARK [2][-]{subsection.5.5}{Verbrauchssteuern}{section.5}% 39
\BOOKMARK [2][-]{subsection.5.6}{Subventionen}{section.5}% 40
\BOOKMARK [1][-]{section.6}{\326ffentliche G\374ter und externe Effekte}{}% 41
\BOOKMARK [2][-]{subsection.6.1}{\326ffentliche G\374ter}{section.6}% 42
\BOOKMARK [2][-]{subsection.6.2}{Externe Effekte}{section.6}% 43
\BOOKMARK [2][-]{subsection.6.3}{Internalisierung externer Effekte}{section.6}% 44
\BOOKMARK [1][-]{section.7}{Verhaltens\366konomie}{}% 45
\BOOKMARK [2][-]{subsection.7.1}{Homo Oeconomicus und Verhaltens\366konomie}{section.7}% 46
\BOOKMARK [2][-]{subsection.7.2}{Heuristiken}{section.7}% 47
\BOOKMARK [2][-]{subsection.7.3}{Framing-Effekte}{section.7}% 48
\BOOKMARK [2][-]{subsection.7.4}{Die Rolle anderer Individuen}{section.7}% 49
\BOOKMARK [2][-]{subsection.7.5}{Ber\374cksichtigung der Zeitperspektive}{section.7}% 50
\BOOKMARK [2][-]{subsection.7.6}{Paradoxa}{section.7}% 51
\BOOKMARK [2][-]{subsection.7.7}{Anwendungsbeispiel: Energienachfrage}{section.7}% 52
\BOOKMARK [2][-]{subsection.7.8}{Fazit}{section.7}% 53
\BOOKMARK [1][-]{section.8}{Leistungskraft und Wohlfahrt von \326konomien}{}% 54
\BOOKMARK [2][-]{subsection.8.1}{Nationale Buchhaltung und Bruttoinlandprodukt}{section.8}% 55
\BOOKMARK [3][-]{subsubsection.8.1.1}{Erfassungsarten des BIP}{subsection.8.1}% 56
\BOOKMARK [2][-]{subsection.8.2}{Wohlfahrtmessung durch das Pro-Kopf Einkommen}{section.8}% 57
\BOOKMARK [2][-]{subsection.8.3}{Determinanten des Pro-Kopf Einkommen}{section.8}% 58
\BOOKMARK [3][-]{subsubsection.8.3.1}{Wachstumsdeterminanten}{subsection.8.3}% 59
\BOOKMARK [3][-]{subsubsection.8.3.2}{Konjunkturdeterminanten}{subsection.8.3}% 60
\BOOKMARK [2][-]{subsection.8.4}{Multiplikatoranalyse}{section.8}% 61
\BOOKMARK [2][-]{subsection.8.5}{Fiskalpolitik}{section.8}% 62
\BOOKMARK [1][-]{section.9}{Arbeitslosigkeit}{}% 63
\BOOKMARK [2][-]{subsection.9.1}{Definition und Messung}{section.9}% 64
\BOOKMARK [2][-]{subsection.9.2}{Ursachen und Bek\344mpfung}{section.9}% 65
\BOOKMARK [3][-]{subsubsection.9.2.1}{Arbeitsangebot}{subsection.9.2}% 66
\BOOKMARK [3][-]{subsubsection.9.2.2}{Arbeitsnachfrage}{subsection.9.2}% 67
\BOOKMARK [3][-]{subsubsection.9.2.3}{Typen von Arbeitslosigkeit}{subsection.9.2}% 68
\BOOKMARK [3][-]{subsubsection.9.2.4}{Erkl\344rung und Bek\344mpfung von unfreiwilliger Arbeitslosigkeit}{subsection.9.2}% 69
\BOOKMARK [2][-]{subsection.9.3}{Arbeitsmarktpolitik}{section.9}% 70
\BOOKMARK [1][-]{section.10}{Aussenwirtschaft}{}% 71
\BOOKMARK [2][-]{subsection.10.1}{Zahlungsbilanz}{section.10}% 72
\BOOKMARK [2][-]{subsection.10.2}{Handel und Handelshemmnisse}{section.10}% 73
\BOOKMARK [2][-]{subsection.10.3}{Bestimmung von Wechselkursen}{section.10}% 74
\BOOKMARK [1][-]{section.11}{Geld}{}% 75
\BOOKMARK [2][-]{subsection.11.1}{Funktionen des Geldes}{section.11}% 76
\BOOKMARK [2][-]{subsection.11.2}{Geldsch\366pfung}{section.11}% 77
\BOOKMARK [2][-]{subsection.11.3}{Geldpolitik und Geldpolitische Instrumente}{section.11}% 78
\BOOKMARK [3][-]{subsubsection.11.3.1}{Geldpolitische Instrumente}{subsection.11.3}% 79
\BOOKMARK [2][-]{subsection.11.4}{Definition, Messung und Bedeutung von Inflation}{section.11}% 80
\BOOKMARK [2][-]{subsection.11.5}{Ursachen und Bek\344mpfung von Inflation}{section.11}% 81
\BOOKMARK [1][-]{section.12}{Gastvortrag 2020 - Zur wirtschaftlichen Lage der Schweiz}{}% 82
