This is pdfTeX, Version 3.141592653-2.6-1.40.22 (TeX Live 2021) (preloaded format=pdflatex 2021.12.27)  27 DEC 2021 18:39
entering extended mode
 restricted \write18 enabled.
 file:line:error style messages enabled.
 %&-line parsing enabled.
**/Users/xeno/Documents/GitHub/msc-studies-aero/Summaries/Economics/Econ_Summary.tex
(/Users/xeno/Documents/GitHub/msc-studies-aero/Summaries/Economics/Econ_Summary.tex
LaTeX2e <2020-10-01> patch level 4
L3 programming layer <2021-02-18> (/usr/local/texlive/2021/texmf-dist/tex/latex/koma-script/scrartcl.cls
Document Class: scrartcl 2021/03/17 v3.33 KOMA-Script document class (article)
(/usr/local/texlive/2021/texmf-dist/tex/latex/koma-script/scrkbase.sty
Package: scrkbase 2021/03/17 v3.33 KOMA-Script package (KOMA-Script-dependent basics and keyval usage)
 (/usr/local/texlive/2021/texmf-dist/tex/latex/koma-script/scrbase.sty
Package: scrbase 2021/03/17 v3.33 KOMA-Script package (KOMA-Script-independent basics and keyval usage)
 (/usr/local/texlive/2021/texmf-dist/tex/latex/koma-script/scrlfile.sty
Package: scrlfile 2021/03/17 v3.33 KOMA-Script package (file load hooks)
 (/usr/local/texlive/2021/texmf-dist/tex/latex/koma-script/scrlfile-hook.sty
Package: scrlfile-hook 2021/03/17 v3.33 KOMA-Script package (using LaTeX hooks)

LaTeX3 Info: Defining command \BeforeFile with sig. 'm' on line 61.


LaTeX3 Info: Defining command \AfterFile with sig. 'm' on line 65.


LaTeX3 Info: Defining command \BeforeClass with sig. 'm' on line 69.


LaTeX3 Info: Defining command \BeforePackage with sig. 'm' on line 73.


LaTeX3 Info: Defining command \AfterAtEndOfClass with sig. 'smo+m' on line 83.


LaTeX3 Info: Defining command \AfterAtEndOfPackage with sig. 'smo+m' on line
(LaTeX3)     93.


LaTeX3 Info: Defining command \scrlfile@AfterClass with sig. 'smo+m' on line
(LaTeX3)     173.


LaTeX3 Info: Defining command \AfterClass with sig. '' on line 174.


LaTeX3 Info: Defining command \scrlfile@AfterPackage with sig. 'smo+m' on line
(LaTeX3)     191.


LaTeX3 Info: Defining command \AfterPackage with sig. '' on line 192.


LaTeX3 Info: Defining command \ReplaceInput with sig. '' on line 193.


LaTeX3 Info: Defining command \ReplaceClass with sig. 'mm' on line 196.


LaTeX3 Info: Defining command \ReplacePackage with sig. 'mm' on line 199.


LaTeX3 Info: Defining command \UnReplaceInput with sig. '' on line 200.


LaTeX3 Info: Defining command \UnReplaceClass with sig. 'm' on line 203.


LaTeX3 Info: Defining command \UnReplacePackage with sig. 'mm' on line 206.


LaTeX3 Info: Defining command \PreventPackageFromLoading with sig. 's+om' on
(LaTeX3)     line 234.


LaTeX3 Info: Defining command \StorePreventPackageFromLoading with sig. 'm' on
(LaTeX3)     line 242.


LaTeX3 Info: Defining command \ResetPreventPackageFromLoading with sig. '' on
(LaTeX3)     line 247.


LaTeX3 Info: Defining command \UnPreventPackageFromLoading with sig. 'sm' on
(LaTeX3)     line 261.


LaTeX3 Info: Defining command \BeforeClosingMainAux with sig. 'om' on line
(LaTeX3)     274.


LaTeX3 Info: Defining command \AfterReadingMainAux with sig. 'om' on line 287.


LaTeX3 Info: Defining command \protected@immediate@write with sig. 'm+m+m' on
(LaTeX3)     line 298.

 (/usr/local/texlive/2021/texmf-dist/tex/latex/koma-script/scrlogo.sty
Package: scrlogo 2021/03/17 v3.33 KOMA-Script package (logo)
))) (/usr/local/texlive/2021/texmf-dist/tex/latex/graphics/keyval.sty
Package: keyval 2014/10/28 v1.15 key=value parser (DPC)
\KV@toks@=\toks15
)
Skipping: [2021/05/01] Usage of raw option list on input line 252.
Applying: [0000/00/00] compatibility for LaTeX before 2021/05/01 on input line 337.
)) (/usr/local/texlive/2021/texmf-dist/tex/latex/koma-script/tocbasic.sty
Package: tocbasic 2021/03/17 v3.33 KOMA-Script package (handling toc-files)
\scr@dte@tocline@numberwidth=\skip47
\scr@dte@tocline@numbox=\box47
)
Package tocbasic Info: babel extension for `toc' omitted
(tocbasic)             because of missing \bbl@set@language on input line 135.


Package scrartcl Warning: You've used obsolete option `9pt'.
(scrartcl)                Usage of this option indicates an old document
(scrartcl)                and changes compatibility level using
(scrartcl)                `fontsize=9pt,version=first,
(scrartcl)                enabledeprecatedfontcommands' that may result
(scrartcl)                in further warnings.
(scrartcl)                If you don't want this, you should simply
(scrartcl)                replace option `9pt' by `fontsize=9pt'.

Class scrartcl Info: Switching compatibility level to `first'.

Class scrartcl Warning: deprecated option `enabledeprecatedfontcommands'.
(scrartcl)              Note, that this option was already depreacted when
(scrartcl)              it has been defined. Support for old font commands
(scrartcl)              has been removed from KOMA-Script more than one
(scrartcl)              decade ago. It is not recommended to use them any
(scrartcl)              longer. Therefore usage of this class option also
(scrartcl)              is not recommended.

(/usr/local/texlive/2021/texmf-dist/tex/latex/base/fleqn.clo
File: fleqn.clo 2016/12/29 v1.2b Standard LaTeX option (flush left equations)
\mathindent=\skip48
Applying: [2015/01/01] Make \[ robust on input line 50.
LaTeX Info: Redefining \[ on input line 51.
Already applied: [0000/00/00] Make \[ robust on input line 62.
Applying: [2015/01/01] Make \] robust on input line 74.
LaTeX Info: Redefining \] on input line 75.
Already applied: [0000/00/00] Make \] robust on input line 83.
)
Class scrartcl Info: File `size9.clo' used to setup font sizes on input line 2239.
 (/usr/local/texlive/2021/texmf-dist/tex/latex/extsizes/size9.clo
File: size9.clo 1999/11/11 v1.4a NON-Standard LaTeX file (size option)
) (/usr/local/texlive/2021/texmf-dist/tex/latex/koma-script/typearea.sty
Package: typearea 2021/03/17 v3.33 KOMA-Script package (type area)
\ta@bcor=\skip49
\ta@div=\count179
Package typearea Info: You've used standard option `landscape'.
(typearea)             This is correct!
(typearea)             Internally I'm using `paper=landscape'.
(typearea)             If you'd like to set the option with \KOMAoptions,
(typearea)             you'd have to use `paper=landscape' there
(typearea)             instead of `landscape', too.
\ta@hblk=\skip50
\ta@vblk=\skip51
\ta@temp=\skip52
\footheight=\skip53


Package typearea Warning: DIV for 9.0pt and used papersize
(typearea)                not defined!
(typearea)                Using DIV=calc.

DIV calculation for typearea with good linewidth.
Package typearea Info: Maybe no optimal type area settings!
(typearea)             The detected line width is about 29%
(typearea)             smaller than the heuristically estimated maximum
(typearea)             limit of typographical good line width.
(typearea)             You could e.g. increase DIV
(typearea)             or change the papersize.

Package typearea Warning: Very low DIV value!
(typearea)                DIV values less than 6 result in textwidth/-height
(typearea)                smaller than total marginwidth/-height.
(typearea)                You should e.g. increase DIV, increase fontsize or
(typearea)                change papersize.

Package typearea Info: These are the values describing the layout:
(typearea)             DIV  = 4
(typearea)             BCOR = 0.0pt
(typearea)             \paperwidth      = 845.04694pt
(typearea)              \textwidth      = 211.26173pt
(typearea)              DIV departure   = 29%
(typearea)              \evensidemargin = 244.6226pt
(typearea)              \oddsidemargin  = 244.6226pt
(typearea)             \paperheight     = 597.50793pt
(typearea)              \textheight     = 151.34996pt
(typearea)              \topmargin      = 46.99452pt
(typearea)              \headheight     = 13.68748pt
(typearea)              \headsep        = 16.42499pt
(typearea)              \topskip        = 9.0pt
(typearea)              \footskip       = 38.32497pt
(typearea)              \baselineskip   = 10.95pt
(typearea)              on input line 1741.
)
\c@part=\count180
\c@section=\count181
\c@subsection=\count182
\c@subsubsection=\count183
\c@paragraph=\count184
\c@subparagraph=\count185
\scr@dte@section@maxnumwidth=\skip54
Class scrartcl Info: using compatibility default `runin=bysign'
(scrartcl)           for `\section on input line 4846.
Class scrartcl Info: using compatibility default `afterindent=bysign'
(scrartcl)           for `\section on input line 4846.
\scr@dte@part@maxnumwidth=\skip55
Class scrartcl Info: using compatibility default `afterindent=false'
(scrartcl)           for `\part on input line 4854.
\scr@dte@subsection@maxnumwidth=\skip56
Class scrartcl Info: using compatibility default `runin=bysign'
(scrartcl)           for `\subsection on input line 4864.
Class scrartcl Info: using compatibility default `afterindent=bysign'
(scrartcl)           for `\subsection on input line 4864.
\scr@dte@subsubsection@maxnumwidth=\skip57
Class scrartcl Info: using compatibility default `runin=bysign'
(scrartcl)           for `\subsubsection on input line 4874.
Class scrartcl Info: using compatibility default `afterindent=bysign'
(scrartcl)           for `\subsubsection on input line 4874.
\scr@dte@paragraph@maxnumwidth=\skip58
Class scrartcl Info: using compatibility default `runin=bysign'
(scrartcl)           for `\paragraph on input line 4885.
Class scrartcl Info: using compatibility default `afterindent=bysign'
(scrartcl)           for `\paragraph on input line 4885.
\scr@dte@subparagraph@maxnumwidth=\skip59
Class scrartcl Info: using compatibility default `runin=bysign'
(scrartcl)           for `\subparagraph on input line 4895.
Class scrartcl Info: using compatibility default `afterindent=bysign'
(scrartcl)           for `\subparagraph on input line 4895.
\abovecaptionskip=\skip60
\belowcaptionskip=\skip61
\c@pti@nb@sid@b@x=\box48
Package tocbasic Info: babel extension for `lof' omitted
(tocbasic)             because of missing \bbl@set@language on input line 6127.
\scr@dte@figure@maxnumwidth=\skip62
\c@figure=\count186
Package tocbasic Info: babel extension for `lot' omitted
(tocbasic)             because of missing \bbl@set@language on input line 6139.
\scr@dte@table@maxnumwidth=\skip63
\c@table=\count187
Class scrartcl Info: Using old \@makefntext due to compatibility level
(scrartcl)           less than 3.22 on input line 6290.
Class scrartcl Info: Redefining `\numberline' on input line 6303.
\bibindent=\dimen138
) (/usr/local/texlive/2021/texmf-dist/tex/generic/babel/babel.sty
Package: babel 2021/03/24 3.56 The Babel package
 (/usr/local/texlive/2021/texmf-dist/tex/generic/babel/babel.def
File: babel.def 2021/03/24 3.56 Babel common definitions
\babel@savecnt=\count188
\U@D=\dimen139
\l@babelnohyphens=\language87
 (/usr/local/texlive/2021/texmf-dist/tex/generic/babel/txtbabel.def)
\bbl@readstream=\read2
)
\bbl@dirlevel=\count189
 (/usr/local/texlive/2021/texmf-dist/tex/generic/babel-german/ngerman.ldf
Language: ngerman 2021/02/27 v2.13 German support for babel (post-1996 orthography)
 (/usr/local/texlive/2021/texmf-dist/tex/generic/babel-german/ngermanb.ldf
Language: ngermanb 2021/02/27 v2.13 German support for babel (post-1996 orthography)
Package babel Info: Making " an active character on input line 122.
))) (/usr/local/texlive/2021/texmf-dist/tex/latex/base/inputenc.sty
Package: inputenc 2020/08/01 v1.3d Input encoding file
\inpenc@prehook=\toks16
\inpenc@posthook=\toks17
) (/usr/local/texlive/2021/texmf-dist/tex/latex/geometry/geometry.sty
Package: geometry 2020/01/02 v5.9 Page Geometry
 (/usr/local/texlive/2021/texmf-dist/tex/generic/iftex/ifvtex.sty
Package: ifvtex 2019/10/25 v1.7 ifvtex legacy package. Use iftex instead.
 (/usr/local/texlive/2021/texmf-dist/tex/generic/iftex/iftex.sty
Package: iftex 2020/03/06 v1.0d TeX engine tests
))
\Gm@cnth=\count190
\Gm@cntv=\count191
\c@Gm@tempcnt=\count192
\Gm@bindingoffset=\dimen140
\Gm@wd@mp=\dimen141
\Gm@odd@mp=\dimen142
\Gm@even@mp=\dimen143
\Gm@layoutwidth=\dimen144
\Gm@layoutheight=\dimen145
\Gm@layouthoffset=\dimen146
\Gm@layoutvoffset=\dimen147
\Gm@dimlist=\toks18
) (/usr/local/texlive/2021/texmf-dist/tex/latex/base/latexsym.sty
Package: latexsym 1998/08/17 v2.2e Standard LaTeX package (lasy symbols)
\symlasy=\mathgroup4
LaTeX Font Info:    Overwriting symbol font `lasy' in version `bold'
(Font)                  U/lasy/m/n --> U/lasy/b/n on input line 52.
) (/usr/local/texlive/2021/texmf-dist/tex/latex/tools/multicol.sty
Package: multicol 2019/12/09 v1.8y multicolumn formatting (FMi)
\c@tracingmulticols=\count193
\mult@box=\box49
\multicol@leftmargin=\dimen148
\c@unbalance=\count194
\c@collectmore=\count195
\doublecol@number=\count196
\multicoltolerance=\count197
\multicolpretolerance=\count198
\full@width=\dimen149
\page@free=\dimen150
\premulticols=\dimen151
\postmulticols=\dimen152
\multicolsep=\skip64
\multicolbaselineskip=\skip65
\partial@page=\box50
\last@line=\box51
\maxbalancingoverflow=\dimen153
\mult@rightbox=\box52
\mult@grightbox=\box53
\mult@gfirstbox=\box54
\mult@firstbox=\box55
\@tempa=\box56
\@tempa=\box57
\@tempa=\box58
\@tempa=\box59
\@tempa=\box60
\@tempa=\box61
\@tempa=\box62
\@tempa=\box63
\@tempa=\box64
\@tempa=\box65
\@tempa=\box66
\@tempa=\box67
\@tempa=\box68
\@tempa=\box69
\@tempa=\box70
\@tempa=\box71
\@tempa=\box72
\@tempa=\box73
\@tempa=\box74
\@tempa=\box75
\@tempa=\box76
\@tempa=\box77
\@tempa=\box78
\@tempa=\box79
\@tempa=\box80
\@tempa=\box81
\@tempa=\box82
\@tempa=\box83
\@tempa=\box84
\@tempa=\box85
\@tempa=\box86
\@tempa=\box87
\@tempa=\box88
\@tempa=\box89
\@tempa=\box90
\@tempa=\box91
\@tempa=\box92
\c@minrows=\count199
\c@columnbadness=\count266
\c@finalcolumnbadness=\count267
\last@try=\dimen154
\multicolovershoot=\dimen155
\multicolundershoot=\dimen156
\mult@nat@firstbox=\box93
\colbreak@box=\box94
\mc@col@check@num=\count268
) (/usr/local/texlive/2021/texmf-dist/tex/latex/amsmath/amsmath.sty
Package: amsmath 2020/09/23 v2.17i AMS math features
\@mathmargin=\skip66

For additional information on amsmath, use the `?' option.
(/usr/local/texlive/2021/texmf-dist/tex/latex/amsmath/amstext.sty
Package: amstext 2000/06/29 v2.01 AMS text
 (/usr/local/texlive/2021/texmf-dist/tex/latex/amsmath/amsgen.sty
File: amsgen.sty 1999/11/30 v2.0 generic functions
\@emptytoks=\toks19
\ex@=\dimen157
)) (/usr/local/texlive/2021/texmf-dist/tex/latex/amsmath/amsbsy.sty
Package: amsbsy 1999/11/29 v1.2d Bold Symbols
\pmbraise@=\dimen158
) (/usr/local/texlive/2021/texmf-dist/tex/latex/amsmath/amsopn.sty
Package: amsopn 2016/03/08 v2.02 operator names
)
\inf@bad=\count269
LaTeX Info: Redefining \frac on input line 234.
\uproot@=\count270
\leftroot@=\count271
LaTeX Info: Redefining \overline on input line 399.
\classnum@=\count272
\DOTSCASE@=\count273
LaTeX Info: Redefining \ldots on input line 496.
LaTeX Info: Redefining \dots on input line 499.
LaTeX Info: Redefining \cdots on input line 620.
\Mathstrutbox@=\box95
\strutbox@=\box96
\big@size=\dimen159
LaTeX Font Info:    Redeclaring font encoding OML on input line 743.
LaTeX Font Info:    Redeclaring font encoding OMS on input line 744.
\macc@depth=\count274
\c@MaxMatrixCols=\count275
\dotsspace@=\muskip16
\c@parentequation=\count276
\dspbrk@lvl=\count277
\tag@help=\toks20
\row@=\count278
\column@=\count279
\maxfields@=\count280
\andhelp@=\toks21
\eqnshift@=\dimen160
\alignsep@=\dimen161
\tagshift@=\dimen162
\tagwidth@=\dimen163
\totwidth@=\dimen164
\lineht@=\dimen165
\@envbody=\toks22
\multlinegap=\skip67
\multlinetaggap=\skip68
\mathdisplay@stack=\toks23
LaTeX Info: Redefining \[ on input line 2923.
LaTeX Info: Redefining \] on input line 2924.
) (/usr/local/texlive/2021/texmf-dist/tex/latex/graphics/graphicx.sty
Package: graphicx 2020/09/09 v1.2b Enhanced LaTeX Graphics (DPC,SPQR)
 (/usr/local/texlive/2021/texmf-dist/tex/latex/graphics/graphics.sty
Package: graphics 2020/08/30 v1.4c Standard LaTeX Graphics (DPC,SPQR)
 (/usr/local/texlive/2021/texmf-dist/tex/latex/graphics/trig.sty
Package: trig 2016/01/03 v1.10 sin cos tan (DPC)
) (/usr/local/texlive/2021/texmf-dist/tex/latex/graphics-cfg/graphics.cfg
File: graphics.cfg 2016/06/04 v1.11 sample graphics configuration
)
Package graphics Info: Driver file: pdftex.def on input line 105.
 (/usr/local/texlive/2021/texmf-dist/tex/latex/graphics-def/pdftex.def
File: pdftex.def 2020/10/05 v1.2a Graphics/color driver for pdftex
))
\Gin@req@height=\dimen166
\Gin@req@width=\dimen167
) (/usr/local/texlive/2021/texmf-dist/tex/latex/tools/array.sty
Package: array 2020/10/01 v2.5c Tabular extension package (FMi)
\col@sep=\dimen168
\ar@mcellbox=\box97
\extrarowheight=\dimen169
\NC@list=\toks24
\extratabsurround=\skip69
\backup@length=\skip70
\ar@cellbox=\box98
) (/usr/local/texlive/2021/texmf-dist/tex/latex/booktabs/booktabs.sty
Package: booktabs 2020/01/12 v1.61803398 Publication quality tables
\heavyrulewidth=\dimen170
\lightrulewidth=\dimen171
\cmidrulewidth=\dimen172
\belowrulesep=\dimen173
\belowbottomsep=\dimen174
\aboverulesep=\dimen175
\abovetopsep=\dimen176
\cmidrulesep=\dimen177
\cmidrulekern=\dimen178
\defaultaddspace=\dimen179
\@cmidla=\count281
\@cmidlb=\count282
\@aboverulesep=\dimen180
\@belowrulesep=\dimen181
\@thisruleclass=\count283
\@lastruleclass=\count284
\@thisrulewidth=\dimen182
) (/usr/local/texlive/2021/texmf-dist/tex/latex/mathtools/mathtools.sty
Package: mathtools 2021/03/18 v1.25 mathematical typesetting tools
 (/usr/local/texlive/2021/texmf-dist/tex/latex/tools/calc.sty
Package: calc 2017/05/25 v4.3 Infix arithmetic (KKT,FJ)
\calc@Acount=\count285
\calc@Bcount=\count286
\calc@Adimen=\dimen183
\calc@Bdimen=\dimen184
\calc@Askip=\skip71
\calc@Bskip=\skip72
LaTeX Info: Redefining \setlength on input line 80.
LaTeX Info: Redefining \addtolength on input line 81.
\calc@Ccount=\count287
\calc@Cskip=\skip73
) (/usr/local/texlive/2021/texmf-dist/tex/latex/mathtools/mhsetup.sty
Package: mhsetup 2021/03/18 v1.4 programming setup (MH)
)
LaTeX Info: Thecontrolsequence`\('isalreadyrobust on input line 130.
LaTeX Info: Thecontrolsequence`\)'isalreadyrobust on input line 130.
LaTeX Info: Thecontrolsequence`\['isalreadyrobust on input line 130.
LaTeX Info: Thecontrolsequence`\]'isalreadyrobust on input line 130.
\g_MT_multlinerow_int=\count288
\l_MT_multwidth_dim=\dimen185
\origjot=\skip74
\l_MT_shortvdotswithinadjustabove_dim=\dimen186
\l_MT_shortvdotswithinadjustbelow_dim=\dimen187
\l_MT_above_intertext_sep=\dimen188
\l_MT_below_intertext_sep=\dimen189
\l_MT_above_shortintertext_sep=\dimen190
\l_MT_below_shortintertext_sep=\dimen191
\xmathstrut@box=\box99
\xmathstrut@dim=\dimen192
) (/usr/local/texlive/2021/texmf-dist/tex/generic/ulem/ulem.sty
\UL@box=\box100
\UL@hyphenbox=\box101
\UL@skip=\skip75
\UL@hook=\toks25
\UL@height=\dimen193
\UL@pe=\count289
\UL@pixel=\dimen194
\ULC@box=\box102
Package: ulem 2019/11/18
\ULdepth=\dimen195
) (/usr/local/texlive/2021/texmf-dist/tex/latex/amsfonts/amsfonts.sty
Package: amsfonts 2013/01/14 v3.01 Basic AMSFonts support
\symAMSa=\mathgroup5
\symAMSb=\mathgroup6
LaTeX Font Info:    Redeclaring math symbol \hbar on input line 98.
LaTeX Font Info:    Overwriting math alphabet `\mathfrak' in version `bold'
(Font)                  U/euf/m/n --> U/euf/b/n on input line 106.
) (/usr/local/texlive/2021/texmf-dist/tex/latex/doublestroke/dsfont.sty
Package: dsfont 1995/08/01 v0.1 Double stroke roman fonts
) (/usr/local/texlive/2021/texmf-dist/tex/latex/psnfss/charter.sty
Package: charter 2020/03/25 PSNFSS-v9.3 (P.Dyballa) 
) (/usr/local/texlive/2021/texmf-dist/tex/latex/chemformula/chemformula.sty (/usr/local/texlive/2021/texmf-dist/tex/latex/pgf/frontendlayer/tikz.sty (/usr/local/texlive/2021/texmf-dist/tex/latex/pgf/basiclayer/pgf.sty (/usr/local/texlive/2021/texmf-dist/tex/latex/pgf/utilities/pgfrcs.sty (/usr/local/texlive/2021/texmf-dist/tex/generic/pgf/utilities/pgfutil-common.tex
\pgfutil@everybye=\toks26
\pgfutil@tempdima=\dimen196
\pgfutil@tempdimb=\dimen197
 (/usr/local/texlive/2021/texmf-dist/tex/generic/pgf/utilities/pgfutil-common-lists.tex)) (/usr/local/texlive/2021/texmf-dist/tex/generic/pgf/utilities/pgfutil-latex.def
\pgfutil@abb=\box103
) (/usr/local/texlive/2021/texmf-dist/tex/generic/pgf/utilities/pgfrcs.code.tex (/usr/local/texlive/2021/texmf-dist/tex/generic/pgf/pgf.revision.tex)
Package: pgfrcs 2020/12/27 v3.1.8b (3.1.8b)
))
Package: pgf 2020/12/27 v3.1.8b (3.1.8b)
 (/usr/local/texlive/2021/texmf-dist/tex/latex/pgf/basiclayer/pgfcore.sty (/usr/local/texlive/2021/texmf-dist/tex/latex/pgf/systemlayer/pgfsys.sty (/usr/local/texlive/2021/texmf-dist/tex/generic/pgf/systemlayer/pgfsys.code.tex
Package: pgfsys 2020/12/27 v3.1.8b (3.1.8b)
 (/usr/local/texlive/2021/texmf-dist/tex/generic/pgf/utilities/pgfkeys.code.tex
\pgfkeys@pathtoks=\toks27
\pgfkeys@temptoks=\toks28
 (/usr/local/texlive/2021/texmf-dist/tex/generic/pgf/utilities/pgfkeysfiltered.code.tex
\pgfkeys@tmptoks=\toks29
))
\pgf@x=\dimen198
\pgf@y=\dimen199
\pgf@xa=\dimen256
\pgf@ya=\dimen257
\pgf@xb=\dimen258
\pgf@yb=\dimen259
\pgf@xc=\dimen260
\pgf@yc=\dimen261
\pgf@xd=\dimen262
\pgf@yd=\dimen263
\w@pgf@writea=\write3
\r@pgf@reada=\read3
\c@pgf@counta=\count290
\c@pgf@countb=\count291
\c@pgf@countc=\count292
\c@pgf@countd=\count293
\t@pgf@toka=\toks30
\t@pgf@tokb=\toks31
\t@pgf@tokc=\toks32
\pgf@sys@id@count=\count294
 (/usr/local/texlive/2021/texmf-dist/tex/generic/pgf/systemlayer/pgf.cfg
File: pgf.cfg 2020/12/27 v3.1.8b (3.1.8b)
)
Driver file for pgf: pgfsys-pdftex.def
 (/usr/local/texlive/2021/texmf-dist/tex/generic/pgf/systemlayer/pgfsys-pdftex.def
File: pgfsys-pdftex.def 2020/12/27 v3.1.8b (3.1.8b)
 (/usr/local/texlive/2021/texmf-dist/tex/generic/pgf/systemlayer/pgfsys-common-pdf.def
File: pgfsys-common-pdf.def 2020/12/27 v3.1.8b (3.1.8b)
))) (/usr/local/texlive/2021/texmf-dist/tex/generic/pgf/systemlayer/pgfsyssoftpath.code.tex
File: pgfsyssoftpath.code.tex 2020/12/27 v3.1.8b (3.1.8b)
\pgfsyssoftpath@smallbuffer@items=\count295
\pgfsyssoftpath@bigbuffer@items=\count296
) (/usr/local/texlive/2021/texmf-dist/tex/generic/pgf/systemlayer/pgfsysprotocol.code.tex
File: pgfsysprotocol.code.tex 2020/12/27 v3.1.8b (3.1.8b)
)) (/usr/local/texlive/2021/texmf-dist/tex/latex/xcolor/xcolor.sty
Package: xcolor 2016/05/11 v2.12 LaTeX color extensions (UK)
 (/usr/local/texlive/2021/texmf-dist/tex/latex/graphics-cfg/color.cfg
File: color.cfg 2016/01/02 v1.6 sample color configuration
)
Package xcolor Info: Driver file: pdftex.def on input line 225.
Package xcolor Info: Model `cmy' substituted by `cmy0' on input line 1348.
Package xcolor Info: Model `hsb' substituted by `rgb' on input line 1352.
Package xcolor Info: Model `RGB' extended on input line 1364.
Package xcolor Info: Model `HTML' substituted by `rgb' on input line 1366.
Package xcolor Info: Model `Hsb' substituted by `hsb' on input line 1367.
Package xcolor Info: Model `tHsb' substituted by `hsb' on input line 1368.
Package xcolor Info: Model `HSB' substituted by `hsb' on input line 1369.
Package xcolor Info: Model `Gray' substituted by `gray' on input line 1370.
Package xcolor Info: Model `wave' substituted by `hsb' on input line 1371.
) (/usr/local/texlive/2021/texmf-dist/tex/generic/pgf/basiclayer/pgfcore.code.tex
Package: pgfcore 2020/12/27 v3.1.8b (3.1.8b)
 (/usr/local/texlive/2021/texmf-dist/tex/generic/pgf/math/pgfmath.code.tex (/usr/local/texlive/2021/texmf-dist/tex/generic/pgf/math/pgfmathcalc.code.tex (/usr/local/texlive/2021/texmf-dist/tex/generic/pgf/math/pgfmathutil.code.tex) (/usr/local/texlive/2021/texmf-dist/tex/generic/pgf/math/pgfmathparser.code.tex
\pgfmath@dimen=\dimen264
\pgfmath@count=\count297
\pgfmath@box=\box104
\pgfmath@toks=\toks33
\pgfmath@stack@operand=\toks34
\pgfmath@stack@operation=\toks35
) (/usr/local/texlive/2021/texmf-dist/tex/generic/pgf/math/pgfmathfunctions.code.tex (/usr/local/texlive/2021/texmf-dist/tex/generic/pgf/math/pgfmathfunctions.basic.code.tex) (/usr/local/texlive/2021/texmf-dist/tex/generic/pgf/math/pgfmathfunctions.trigonometric.code.tex) (/usr/local/texlive/2021/texmf-dist/tex/generic/pgf/math/pgfmathfunctions.random.code.tex) (/usr/local/texlive/2021/texmf-dist/tex/generic/pgf/math/pgfmathfunctions.comparison.code.tex) (/usr/local/texlive/2021/texmf-dist/tex/generic/pgf/math/pgfmathfunctions.base.code.tex) (/usr/local/texlive/2021/texmf-dist/tex/generic/pgf/math/pgfmathfunctions.round.code.tex) (/usr/local/texlive/2021/texmf-dist/tex/generic/pgf/math/pgfmathfunctions.misc.code.tex) (/usr/local/texlive/2021/texmf-dist/tex/generic/pgf/math/pgfmathfunctions.integerarithmetics.code.tex))) (/usr/local/texlive/2021/texmf-dist/tex/generic/pgf/math/pgfmathfloat.code.tex
\c@pgfmathroundto@lastzeros=\count298
)) (/usr/local/texlive/2021/texmf-dist/tex/generic/pgf/math/pgfint.code.tex) (/usr/local/texlive/2021/texmf-dist/tex/generic/pgf/basiclayer/pgfcorepoints.code.tex
File: pgfcorepoints.code.tex 2020/12/27 v3.1.8b (3.1.8b)
\pgf@picminx=\dimen265
\pgf@picmaxx=\dimen266
\pgf@picminy=\dimen267
\pgf@picmaxy=\dimen268
\pgf@pathminx=\dimen269
\pgf@pathmaxx=\dimen270
\pgf@pathminy=\dimen271
\pgf@pathmaxy=\dimen272
\pgf@xx=\dimen273
\pgf@xy=\dimen274
\pgf@yx=\dimen275
\pgf@yy=\dimen276
\pgf@zx=\dimen277
\pgf@zy=\dimen278
) (/usr/local/texlive/2021/texmf-dist/tex/generic/pgf/basiclayer/pgfcorepathconstruct.code.tex
File: pgfcorepathconstruct.code.tex 2020/12/27 v3.1.8b (3.1.8b)
\pgf@path@lastx=\dimen279
\pgf@path@lasty=\dimen280
) (/usr/local/texlive/2021/texmf-dist/tex/generic/pgf/basiclayer/pgfcorepathusage.code.tex
File: pgfcorepathusage.code.tex 2020/12/27 v3.1.8b (3.1.8b)
\pgf@shorten@end@additional=\dimen281
\pgf@shorten@start@additional=\dimen282
) (/usr/local/texlive/2021/texmf-dist/tex/generic/pgf/basiclayer/pgfcorescopes.code.tex
File: pgfcorescopes.code.tex 2020/12/27 v3.1.8b (3.1.8b)
\pgfpic=\box105
\pgf@hbox=\box106
\pgf@layerbox@main=\box107
\pgf@picture@serial@count=\count299
) (/usr/local/texlive/2021/texmf-dist/tex/generic/pgf/basiclayer/pgfcoregraphicstate.code.tex
File: pgfcoregraphicstate.code.tex 2020/12/27 v3.1.8b (3.1.8b)
\pgflinewidth=\dimen283
) (/usr/local/texlive/2021/texmf-dist/tex/generic/pgf/basiclayer/pgfcoretransformations.code.tex
File: pgfcoretransformations.code.tex 2020/12/27 v3.1.8b (3.1.8b)
\pgf@pt@x=\dimen284
\pgf@pt@y=\dimen285
\pgf@pt@temp=\dimen286
) (/usr/local/texlive/2021/texmf-dist/tex/generic/pgf/basiclayer/pgfcorequick.code.tex
File: pgfcorequick.code.tex 2020/12/27 v3.1.8b (3.1.8b)
) (/usr/local/texlive/2021/texmf-dist/tex/generic/pgf/basiclayer/pgfcoreobjects.code.tex
File: pgfcoreobjects.code.tex 2020/12/27 v3.1.8b (3.1.8b)
) (/usr/local/texlive/2021/texmf-dist/tex/generic/pgf/basiclayer/pgfcorepathprocessing.code.tex
File: pgfcorepathprocessing.code.tex 2020/12/27 v3.1.8b (3.1.8b)
) (/usr/local/texlive/2021/texmf-dist/tex/generic/pgf/basiclayer/pgfcorearrows.code.tex
File: pgfcorearrows.code.tex 2020/12/27 v3.1.8b (3.1.8b)
\pgfarrowsep=\dimen287
) (/usr/local/texlive/2021/texmf-dist/tex/generic/pgf/basiclayer/pgfcoreshade.code.tex
File: pgfcoreshade.code.tex 2020/12/27 v3.1.8b (3.1.8b)
\pgf@max=\dimen288
\pgf@sys@shading@range@num=\count300
\pgf@shadingcount=\count301
) (/usr/local/texlive/2021/texmf-dist/tex/generic/pgf/basiclayer/pgfcoreimage.code.tex
File: pgfcoreimage.code.tex 2020/12/27 v3.1.8b (3.1.8b)
 (/usr/local/texlive/2021/texmf-dist/tex/generic/pgf/basiclayer/pgfcoreexternal.code.tex
File: pgfcoreexternal.code.tex 2020/12/27 v3.1.8b (3.1.8b)
\pgfexternal@startupbox=\box108
)) (/usr/local/texlive/2021/texmf-dist/tex/generic/pgf/basiclayer/pgfcorelayers.code.tex
File: pgfcorelayers.code.tex 2020/12/27 v3.1.8b (3.1.8b)
) (/usr/local/texlive/2021/texmf-dist/tex/generic/pgf/basiclayer/pgfcoretransparency.code.tex
File: pgfcoretransparency.code.tex 2020/12/27 v3.1.8b (3.1.8b)
) (/usr/local/texlive/2021/texmf-dist/tex/generic/pgf/basiclayer/pgfcorepatterns.code.tex
File: pgfcorepatterns.code.tex 2020/12/27 v3.1.8b (3.1.8b)
) (/usr/local/texlive/2021/texmf-dist/tex/generic/pgf/basiclayer/pgfcorerdf.code.tex
File: pgfcorerdf.code.tex 2020/12/27 v3.1.8b (3.1.8b)
))) (/usr/local/texlive/2021/texmf-dist/tex/generic/pgf/modules/pgfmoduleshapes.code.tex
File: pgfmoduleshapes.code.tex 2020/12/27 v3.1.8b (3.1.8b)
\pgfnodeparttextbox=\box109
) (/usr/local/texlive/2021/texmf-dist/tex/generic/pgf/modules/pgfmoduleplot.code.tex
File: pgfmoduleplot.code.tex 2020/12/27 v3.1.8b (3.1.8b)
) (/usr/local/texlive/2021/texmf-dist/tex/latex/pgf/compatibility/pgfcomp-version-0-65.sty
Package: pgfcomp-version-0-65 2020/12/27 v3.1.8b (3.1.8b)
\pgf@nodesepstart=\dimen289
\pgf@nodesepend=\dimen290
) (/usr/local/texlive/2021/texmf-dist/tex/latex/pgf/compatibility/pgfcomp-version-1-18.sty
Package: pgfcomp-version-1-18 2020/12/27 v3.1.8b (3.1.8b)
)) (/usr/local/texlive/2021/texmf-dist/tex/latex/pgf/utilities/pgffor.sty (/usr/local/texlive/2021/texmf-dist/tex/latex/pgf/utilities/pgfkeys.sty (/usr/local/texlive/2021/texmf-dist/tex/generic/pgf/utilities/pgfkeys.code.tex)) (/usr/local/texlive/2021/texmf-dist/tex/latex/pgf/math/pgfmath.sty (/usr/local/texlive/2021/texmf-dist/tex/generic/pgf/math/pgfmath.code.tex)) (/usr/local/texlive/2021/texmf-dist/tex/generic/pgf/utilities/pgffor.code.tex
Package: pgffor 2020/12/27 v3.1.8b (3.1.8b)
 (/usr/local/texlive/2021/texmf-dist/tex/generic/pgf/math/pgfmath.code.tex)
\pgffor@iter=\dimen291
\pgffor@skip=\dimen292
\pgffor@stack=\toks36
\pgffor@toks=\toks37
)) (/usr/local/texlive/2021/texmf-dist/tex/generic/pgf/frontendlayer/tikz/tikz.code.tex
Package: tikz 2020/12/27 v3.1.8b (3.1.8b)
 (/usr/local/texlive/2021/texmf-dist/tex/generic/pgf/libraries/pgflibraryplothandlers.code.tex
File: pgflibraryplothandlers.code.tex 2020/12/27 v3.1.8b (3.1.8b)
\pgf@plot@mark@count=\count302
\pgfplotmarksize=\dimen293
)
\tikz@lastx=\dimen294
\tikz@lasty=\dimen295
\tikz@lastxsaved=\dimen296
\tikz@lastysaved=\dimen297
\tikz@lastmovetox=\dimen298
\tikz@lastmovetoy=\dimen299
\tikzleveldistance=\dimen300
\tikzsiblingdistance=\dimen301
\tikz@figbox=\box110
\tikz@figbox@bg=\box111
\tikz@tempbox=\box112
\tikz@tempbox@bg=\box113
\tikztreelevel=\count303
\tikznumberofchildren=\count304
\tikznumberofcurrentchild=\count305
\tikz@fig@count=\count306
 (/usr/local/texlive/2021/texmf-dist/tex/generic/pgf/modules/pgfmodulematrix.code.tex
File: pgfmodulematrix.code.tex 2020/12/27 v3.1.8b (3.1.8b)
\pgfmatrixcurrentrow=\count307
\pgfmatrixcurrentcolumn=\count308
\pgf@matrix@numberofcolumns=\count309
)
\tikz@expandcount=\count310
 (/usr/local/texlive/2021/texmf-dist/tex/generic/pgf/frontendlayer/tikz/libraries/tikzlibrarytopaths.code.tex
File: tikzlibrarytopaths.code.tex 2020/12/27 v3.1.8b (3.1.8b)
))) (/usr/local/texlive/2021/texmf-dist/tex/latex/l3packages/xfrac/xfrac.sty (/usr/local/texlive/2021/texmf-dist/tex/latex/l3kernel/expl3.sty
Package: expl3 2021-02-18 L3 programming layer (loader) 
 (/usr/local/texlive/2021/texmf-dist/tex/latex/l3backend/l3backend-pdftex.def
File: l3backend-pdftex.def 2021-03-18 L3 backend support: PDF output (pdfTeX)
\l__color_backend_stack_int=\count311
\l__pdf_internal_box=\box114
)) (/usr/local/texlive/2021/texmf-dist/tex/latex/l3packages/l3keys2e/l3keys2e.sty
Package: l3keys2e 2021-03-12 LaTeX2e option processing using LaTeX3 keys
) (/usr/local/texlive/2021/texmf-dist/tex/latex/base/textcomp.sty
Package: textcomp 2020/02/02 v2.0n Standard LaTeX package
) (/usr/local/texlive/2021/texmf-dist/tex/latex/l3packages/xparse/xparse.sty (/usr/local/texlive/2021/texmf-dist/tex/latex/l3packages/xparse/xparse-2020-10-01.sty (/usr/local/texlive/2021/texmf-dist/tex/latex/l3packages/xparse/xparse-generic.tex))) (/usr/local/texlive/2021/texmf-dist/tex/latex/l3packages/xtemplate/xtemplate.sty
Package: xtemplate 2021-03-12 L3 Experimental prototype document functions
\l__xtemplate_tmp_dim=\dimen302
\l__xtemplate_tmp_int=\count312
\l__xtemplate_tmp_muskip=\muskip17
\l__xtemplate_tmp_skip=\skip76
)
Package: xfrac 2021-03-12 L3 Experimental split-level fractions
\l__xfrac_slash_box=\box115
\l__xfrac_tmp_box=\box116
\l__xfrac_denominator_bot_sep_dim=\dimen303
\l__xfrac_numerator_bot_sep_dim=\dimen304
\l__xfrac_numerator_top_sep_dim=\dimen305
\l__xfrac_slash_left_sep_dim=\dimen306
\l__xfrac_slash_right_sep_dim=\dimen307
\l__xfrac_slash_left_muskip=\muskip18
\l__xfrac_slash_right_muskip=\muskip19

Package xtemplate Info: Declaring object type 'xfrac' taking 3 argument(s) on
(xtemplate)             line 80.

) (/usr/local/texlive/2021/texmf-dist/tex/latex/units/nicefrac.sty
Package: nicefrac 1998/08/04 v0.9b Nice fractions
\L@UnitsRaiseDisplaystyle=\skip77
\L@UnitsRaiseTextstyle=\skip78
\L@UnitsRaiseScriptstyle=\skip79
 (/usr/local/texlive/2021/texmf-dist/tex/latex/base/ifthen.sty
Package: ifthen 2014/09/29 v1.1c Standard LaTeX ifthen package (DPC)
)) (/usr/local/texlive/2021/texmf-dist/tex/generic/pgf/libraries/pgflibraryarrows.meta.code.tex
File: pgflibraryarrows.meta.code.tex 2020/12/27 v3.1.8b (3.1.8b)
\pgfarrowinset=\dimen308
\pgfarrowlength=\dimen309
\pgfarrowwidth=\dimen310
\pgfarrowlinewidth=\dimen311
)
Package: chemformula 2020/12/22 v4.16 typeset chemical compounds and reactions (CN)
\l__chemformula_tmpa_dim=\dimen312
\l__chemformula_tmpb_dim=\dimen313
\l__chemformula_tmpc_dim=\dimen314
\l__chemformula_tmpa_int=\count313
\l__chemformula_tmpb_int=\count314
\l__chemformula_tmpc_int=\count315
\l__chemformula_tmpa_box=\box117
\l__chemformula_tmpb_box=\box118
\l__chemformula_arrow_length_dim=\dimen315
\l__chemformula_arrow_label_height_dim=\dimen316
\l__chemformula_arrow_label_offset_dim=\dimen317
\l__chemformula_arrow_minimum_length_dim=\dimen318
\l__chemformula_arrow_shortage_dim=\dimen319
\l__chemformula_arrow_offset_dim=\dimen320
\l__chemformula_arrow_yshift_dim=\dimen321
\l__chemformula_radical_radius_dim=\dimen322
\l__chemformula_radical_hshift_dim=\dimen323
\l__chemformula_radical_vshift_dim=\dimen324
\l__chemformula_radical_space_dim=\dimen325
\l__chemformula_arrow_head_dim=\dimen326
\l__chemformula_name_dim=\dimen327
\l__chemformula_adduct_space_dim=\dimen328
\l__chemformula_charge_shift_dim=\dimen329
\l__chemformula_subscript_shift_dim=\dimen330
\l__chemformula_superscript_shift_dim=\dimen331
\l__chemformula_subscript_dim=\dimen332
\l__chemformula_superscript_dim=\dimen333
\l__chemformula_bond_dim=\dimen334
\l__chemformula_bond_space_dim=\dimen335
\l__chemformula_elspec_pair_distance_dim=\dimen336
\l__chemformula_elspec_pair_line_length_dim=\dimen337
\l__chemformula_elspec_pair_width_dim=\dimen338
\l__chemformula_kroegervink_positive_radius_dim=\dimen339
\l__chemformula_kroegervink_positive_hshift_dim=\dimen340
\l__chemformula_kroegervink_positive_vshift_dim=\dimen341
\l__chemformula_kroegervink_positive_space_dim=\dimen342
\l__chemformula_stoich_space_skip=\skip80
\l__chemformula_math_space_skip=\skip81
\l__chemformula_additions_symbol_space_skip=\skip82
\l__chemformula_count_tokens_int=\count316
\g__chemformula_lewis_int=\count317
\l__chemformula_arrow_arg_i_box=\box119
\l__chemformula_arrow_arg_ii_box=\box120
\l__chemformula_superscript_box=\box121
\l__chemformula_subscript_box=\box122
\l__chemformula_plus_space_skip=\skip83
\l__chemformula_minus_space_skip=\skip84
) (/usr/local/texlive/2021/texmf-dist/tex/latex/mhchem/mhchem.sty
Package: mhchem 2018/06/22 v4.08 for typesetting chemical formulae
 (/usr/local/texlive/2021/texmf-dist/tex/latex/chemgreek/chemgreek.sty
Package: chemgreek 2020/01/16 v1.1a interface for upright Greek letters for use in chemistry (CN)
\l__chemgreek_tmpa_int=\count318
\g__chemgreek_tmpa_int=\count319
)
\l__mhchem_ce_distanceFromLastComma_int=\count320
\__mhchem_arrow_extPgfLength_skip=\skip85
\mhchem@minispace@tmp=\skip86
\mhchem@minibackspace@tmp=\skip87
\mhchem@bondwidth=\skip88
\mhchem@bondheight=\skip89
\mhchem@smallbondwidth@tmpA=\skip90
\mhchem@smallbondwidth@tmpB=\skip91
\mhchem@smallbondwidth=\skip92
\mhchem@bondtmp@minussidebearingleft=\skip93
\mhchem@bondtmp@minussidebearingright=\skip94
\l__mhchem_option_version_int=\count321
\mhchem@option@minusmathsidebearingleft=\dimen343
\mhchem@option@minusmathsidebearingright=\dimen344
\mhchem@option@minustextsidebearingleft=\dimen345
\mhchem@option@minustextsidebearingright=\dimen346
)
LaTeX Font Info:    Trying to load font information for OT1+bch on input line 31.
 (/usr/local/texlive/2021/texmf-dist/tex/latex/psnfss/ot1bch.fd
File: ot1bch.fd 2004/10/18 font definitions for OT1/bch.
)

Package typearea Warning: Bad type area settings!
(typearea)                The detected line width is about 128%
(typearea)                larger than the heuristically estimated maximum
(typearea)                limit of typographical good line width.
(typearea)                You should e.g. decrease DIV, increase fontsize
(typearea)                or change papersize.

Package typearea Info: These are the values describing the layout:
(typearea)             DIV  = 20
(typearea)             BCOR = 0.0pt
(typearea)             \paperwidth      = 845.04694pt
(typearea)              \textwidth      = 718.28993pt
(typearea)              DIV departure   = -128%
(typearea)              \evensidemargin = -8.8915pt
(typearea)              \oddsidemargin  = -8.8915pt
(typearea)             \paperheight     = 597.50793pt
(typearea)              \textheight     = 512.69986pt
(typearea)              \topmargin      = -72.50706pt
(typearea)              \headheight     = 13.68748pt
(typearea)              \headsep        = 16.42499pt
(typearea)              \topskip        = 9.0pt
(typearea)              \footskip       = 38.32497pt
(typearea)              \baselineskip   = 10.95pt
(typearea)              on input line 31.
(/Users/xeno/Documents/GitHub/msc-studies-aero/Summaries/Economics/Econ_Summary.aux)
\openout1 = `Econ_Summary.aux'.

LaTeX Font Info:    Checking defaults for OML/cmm/m/it on input line 60.
LaTeX Font Info:    ... okay on input line 60.
LaTeX Font Info:    Checking defaults for OMS/cmsy/m/n on input line 60.
LaTeX Font Info:    ... okay on input line 60.
LaTeX Font Info:    Checking defaults for OT1/cmr/m/n on input line 60.
LaTeX Font Info:    ... okay on input line 60.
LaTeX Font Info:    Checking defaults for T1/cmr/m/n on input line 60.
LaTeX Font Info:    ... okay on input line 60.
LaTeX Font Info:    Checking defaults for TS1/cmr/m/n on input line 60.
LaTeX Font Info:    ... okay on input line 60.
LaTeX Font Info:    Checking defaults for OMX/cmex/m/n on input line 60.
LaTeX Font Info:    ... okay on input line 60.
LaTeX Font Info:    Checking defaults for U/cmr/m/n on input line 60.
LaTeX Font Info:    ... okay on input line 60.

*geometry* detected driver: dvips
*geometry* verbose mode - [ preamble ] result:
* driver: dvips
* paper: <default>
* layout: <same size as paper>
* layoutoffset:(h,v)=(0.0pt,0.0pt)
* modes: landscape 
* h-part:(L,W,R)=(126.75833pt, 591.53027pt, 126.75833pt)
* v-part:(T,H,B)=(71.70166pt, 418.25372pt, 107.55255pt)
* \paperwidth=845.04694pt
* \paperheight=597.50793pt
* \textwidth=718.28993pt
* \textheight=512.69986pt
* \oddsidemargin=-8.8915pt
* \evensidemargin=-8.8915pt
* \topmargin=-72.50706pt
* \headheight=13.68748pt
* \headsep=16.42499pt
* \topskip=9.0pt
* \footskip=38.32497pt
* \marginparwidth=42.25233pt
* \marginparsep=12.8401pt
* \columnsep=30.0pt
* \skip\footins=8.0pt plus 4.0pt minus 2.0pt
* \hoffset=0.0pt
* \voffset=0.0pt
* \mag=1000
* \@twocolumnfalse
* \@twosidefalse
* \@mparswitchfalse
* \@reversemarginfalse
* (1in=72.27pt=25.4mm, 1cm=28.453pt)

(/usr/local/texlive/2021/texmf-dist/tex/context/base/mkii/supp-pdf.mkii
[Loading MPS to PDF converter (version 2006.09.02).]
\scratchcounter=\count322
\scratchdimen=\dimen347
\scratchbox=\box123
\nofMPsegments=\count323
\nofMParguments=\count324
\everyMPshowfont=\toks38
\MPscratchCnt=\count325
\MPscratchDim=\dimen348
\MPnumerator=\count326
\makeMPintoPDFobject=\count327
\everyMPtoPDFconversion=\toks39
) (/usr/local/texlive/2021/texmf-dist/tex/latex/epstopdf-pkg/epstopdf-base.sty
Package: epstopdf-base 2020-01-24 v2.11 Base part for package epstopdf
Package epstopdf-base Info: Redefining graphics rule for `.eps' on input line 485.
 (/usr/local/texlive/2021/texmf-dist/tex/latex/latexconfig/epstopdf-sys.cfg
File: epstopdf-sys.cfg 2010/07/13 v1.3 Configuration of (r)epstopdf for TeX Live
))

Package chemgreek Info: Activating mapping `default' on line 60.



LaTeX Font Warning: Font shape `OT1/cmss/b/n' undefined
(Font)              using `OT1/cmss/bx/n' instead on input line 61.

LaTeX Font Info:    Font shape `OT1/bch/bx/n' in size <12> not available
(Font)              Font shape `OT1/bch/b/n' tried instead on input line 61.
LaTeX Font Info:    Trying to load font information for U+lasy on input line 61.
(/usr/local/texlive/2021/texmf-dist/tex/latex/base/ulasy.fd
File: ulasy.fd 1998/08/17 v2.2e LaTeX symbol font definitions
)
LaTeX Font Info:    Trying to load font information for U+msa on input line 61.
 (/usr/local/texlive/2021/texmf-dist/tex/latex/amsfonts/umsa.fd
File: umsa.fd 2013/01/14 v3.01 AMS symbols A
)
LaTeX Font Info:    Trying to load font information for U+msb on input line 61.
 (/usr/local/texlive/2021/texmf-dist/tex/latex/amsfonts/umsb.fd
File: umsb.fd 2013/01/14 v3.01 AMS symbols B
)

Class scrartcl Warning: Incompatible usage of \@ssect detected.
(scrartcl)              You've used the KOMA-Script implementation of \@ssect
(scrartcl)              from within a non compatible caller, that does not
(scrartcl)              \scr@s@ct@@nn@m@ locally.
(scrartcl)              This could result in several error messages on input line 64.

(/Users/xeno/Documents/GitHub/msc-studies-aero/Summaries/Economics/Econ_Summary.toc

LaTeX Font Warning: Font shape `OT1/cmss/b/n' undefined
(Font)              using `OT1/cmss/bx/n' instead on input line 2.


LaTeX Font Warning: Font shape `OT1/cmss/b/n' undefined
(Font)              using `OT1/cmss/bx/n' instead on input line 2.


Underfull \hbox (badness 10000) in paragraph at lines 5--5
 [][] []\OT1/bch/m/n/9 Gesellschaftliche Be-deu-tung 
 []


LaTeX Font Warning: Font shape `OT1/cmss/b/n' undefined
(Font)              using `OT1/cmss/bx/n' instead on input line 6.


LaTeX Font Warning: Font shape `OT1/cmss/b/n' undefined
(Font)              using `OT1/cmss/bx/n' instead on input line 6.


LaTeX Font Warning: Font shape `OT1/cmss/b/n' undefined
(Font)              using `OT1/cmss/bx/n' instead on input line 15.


LaTeX Font Warning: Font shape `OT1/cmss/b/n' undefined
(Font)              using `OT1/cmss/bx/n' instead on input line 15.


LaTeX Font Warning: Font shape `OT1/cmss/b/n' undefined
(Font)              using `OT1/cmss/bx/n' instead on input line 20.


LaTeX Font Warning: Font shape `OT1/cmss/b/n' undefined
(Font)              using `OT1/cmss/bx/n' instead on input line 20.


Underfull \hbox (badness 10000) in paragraph at lines 23--23
 [][] []\OT1/bch/m/n/9 Indirekte Me-tho-den (Re-vea-led 
 []


LaTeX Font Warning: Font shape `OT1/cmss/b/n' undefined
(Font)              using `OT1/cmss/bx/n' instead on input line 28.


LaTeX Font Warning: Font shape `OT1/cmss/b/n' undefined
(Font)              using `OT1/cmss/bx/n' instead on input line 28.


Underfull \hbox (badness 5316) in paragraph at lines 31--31
 [][] []\OT1/bch/m/n/9 Preisbildung bei voll-kom-me-ner 
 []


LaTeX Font Warning: Font shape `OT1/cmss/b/n' undefined
(Font)              using `OT1/cmss/bx/n' instead on input line 42.


LaTeX Font Warning: Font shape `OT1/cmss/b/n' undefined
(Font)              using `OT1/cmss/bx/n' instead on input line 42.


LaTeX Font Warning: Font shape `OT1/cmss/b/n' undefined
(Font)              using `OT1/cmss/bx/n' instead on input line 46.


LaTeX Font Warning: Font shape `OT1/cmss/b/n' undefined
(Font)              using `OT1/cmss/bx/n' instead on input line 46.


Underfull \hbox (badness 10000) in paragraph at lines 47--47
 [][] []\OT1/bch/m/n/9 Homo Oe-co-no-mi-cus und Ver-hal- 
 []


LaTeX Font Warning: Font shape `OT1/cmss/b/n' undefined
(Font)              using `OT1/cmss/bx/n' instead on input line 55.


LaTeX Font Warning: Font shape `OT1/cmss/b/n' undefined
(Font)              using `OT1/cmss/bx/n' instead on input line 55.


LaTeX Font Warning: Font shape `OT1/cmss/b/n' undefined
(Font)              using `OT1/cmss/bx/n' instead on input line 64.


LaTeX Font Warning: Font shape `OT1/cmss/b/n' undefined
(Font)              using `OT1/cmss/bx/n' instead on input line 64.


LaTeX Font Warning: Font shape `OT1/cmss/b/n' undefined
(Font)              using `OT1/cmss/bx/n' instead on input line 72.


LaTeX Font Warning: Font shape `OT1/cmss/b/n' undefined
(Font)              using `OT1/cmss/bx/n' instead on input line 72.


LaTeX Font Warning: Font shape `OT1/cmss/b/n' undefined
(Font)              using `OT1/cmss/bx/n' instead on input line 76.


LaTeX Font Warning: Font shape `OT1/cmss/b/n' undefined
(Font)              using `OT1/cmss/bx/n' instead on input line 76.


LaTeX Font Warning: Font shape `OT1/cmss/b/n' undefined
(Font)              using `OT1/cmss/bx/n' instead on input line 83.


LaTeX Font Warning: Font shape `OT1/cmss/b/n' undefined
(Font)              using `OT1/cmss/bx/n' instead on input line 83.

)
\tf@toc=\write4
\openout4 = `Econ_Summary.toc'.

 [1
Non-PDF special ignored!
<special> papersize=845.04694pt,597.50793pt
Non-PDF special ignored!
<special> ! /landplus90 true store

{/usr/local/texlive/2021/texmf-var/fonts/map/pdftex/updmap/pdftex.map}]
LaTeX Font Info:    Trying to load font information for TS1+bch on input line 73.
 (/usr/local/texlive/2021/texmf-dist/tex/latex/psnfss/ts1bch.fd
File: ts1bch.fd 2004/10/18 font definitions for TS1/bch.
)
Underfull \hbox (badness 10000) in paragraph at lines 82--83
[]\OT1/bch/m/n/9 Marktgeschehen (Mark-for-men, Markt-prei-se,
 []


Underfull \hbox (badness 10000) in paragraph at lines 134--140

 []


Underfull \hbox (badness 10000) in paragraph at lines 134--140

 []


Underfull \hbox (badness 10000) in paragraph at lines 134--140

 []


Underfull \hbox (badness 10000) in paragraph at lines 134--140

 []


Underfull \hbox (badness 10000) in paragraph at lines 134--140

 []


Underfull \hbox (badness 10000) in paragraph at lines 148--149
[]\OT1/bch/m/n/9 G[]uter: G[]uter sind ho-mo-gen (Kei-ne Qua-
 []

[2]
<Typische_Nachfragefunktion.png, id=17, 573.14125pt x 340.27126pt>
File: Typische_Nachfragefunktion.png Graphic file (type png)
<use Typische_Nachfragefunktion.png>
Package pdftex.def Info: Typische_Nachfragefunktion.png  used on input line 166.
(pdftex.def)             Requested size: 199.16928pt x 118.24521pt.
<Nachfragefunktion.png, id=19, 662.475pt x 682.55pt>
File: Nachfragefunktion.png Graphic file (type png)
<use Nachfragefunktion.png>
Package pdftex.def Info: Nachfragefunktion.png  used on input line 226.
(pdftex.def)             Requested size: 199.16928pt x 205.204pt.
 [3 </Users/xeno/Documents/GitHub/msc-studies-aero/Summaries/Economics/Typische_Nachfragefunktion.png> </Users/xeno/Documents/GitHub/msc-studies-aero/Summaries/Economics/Nachfragefunktion.png>]
Underfull \hbox (badness 10000) in paragraph at lines 244--246

 []


Underfull \hbox (badness 10000) in paragraph at lines 244--246

 []


Underfull \hbox (badness 10000) in paragraph at lines 260--261
[]\OT1/bch/m/n/9 Einkommenselastizit[]at der Nach-fra-ge $\OML/cmm/m/it/9 "[]$\OT1/bch/m/n/9 :
 []

<Gueterangebotsfunktion_Unternehmen.png, id=28, 1283.79625pt x 909.3975pt>
File: Gueterangebotsfunktion_Unternehmen.png Graphic file (type png)
<use Gueterangebotsfunktion_Unternehmen.png>
Package pdftex.def Info: Gueterangebotsfunktion_Unternehmen.png  used on input line 304.
(pdftex.def)             Requested size: 184.9429pt x 131.00586pt.

Underfull \hbox (badness 6110) in paragraph at lines 319--320
[]\OT1/bch/m/n/9 Der \OT1/bch/b/n/9 s-f[]ormige Kos-ten-ver-lauf\OT1/bch/m/n/9 : Die An-ge-bots-kur-ve
 []

<S-Foermiger-Kostenverlauf.png, id=29, 590.205pt x 746.79pt>
File: S-Foermiger-Kostenverlauf.png Graphic file (type png)
<use S-Foermiger-Kostenverlauf.png>
Package pdftex.def Info: S-Foermiger-Kostenverlauf.png  used on input line 322.
(pdftex.def)             Requested size: 227.62204pt x 288.01071pt.

Overfull \hbox (8.19206pt too wide) in paragraph at lines 322--323
 [] 
 []

[4 </Users/xeno/Documents/GitHub/msc-studies-aero/Summaries/Economics/Gueterangebotsfunktion_Unternehmen.png>]
Underfull \hbox (badness 10000) in paragraph at lines 331--334

 []


Underfull \hbox (badness 10000) in paragraph at lines 331--334

 []


Underfull \hbox (badness 10000) in paragraph at lines 335--337

 []

<Betriebsminima.png, id=37, 622.325pt x 371.3875pt>
File: Betriebsminima.png Graphic file (type png)
<use Betriebsminima.png>
Package pdftex.def Info: Betriebsminima.png  used on input line 339.
(pdftex.def)             Requested size: 199.16928pt x 118.85776pt.

Underfull \hbox (badness 10000) in paragraph at lines 349--350
[]\OT1/bch/m/n/9 Wird vom Staat er-schaf-fen, um einen
 []


Underfull \hbox (badness 10000) in paragraph at lines 349--350
\OT1/bch/m/n/9 Schl[]usseldienst (Post) oder Ur-he-ber-schutz
 []

[5 </Users/xeno/Documents/GitHub/msc-studies-aero/Summaries/Economics/S-Foermiger-Kostenverlauf.png> </Users/xeno/Documents/GitHub/msc-studies-aero/Summaries/Economics/Betriebsminima.png>]
Underfull \hbox (badness 10000) in paragraph at lines 397--400
\OT1/bch/m/n/9 Grundidee: Sys-te-ma-ti-sche Ge-gen[]uberstellung von
 []


Underfull \hbox (badness 10000) in paragraph at lines 424--425

 []


Underfull \hbox (badness 10000) in paragraph at lines 424--425

 []

[6]
Underfull \hbox (badness 10000) in paragraph at lines 468--469
\OT1/bch/m/n/9 Wett-be-werb ge-ge-ben (Usage-Costs/Wohlfahrt-
 []


Underfull \hbox (badness 10000) in paragraph at lines 480--481
\OT1/bch/m/n/9 Ak-teu-re,umso glat-ter wird die An-ge-bots-kur-
 []

<Angebotskurve_Aggregiert.png, id=47, 1519.6775pt x 584.1825pt>
File: Angebotskurve_Aggregiert.png Graphic file (type png)
<use Angebotskurve_Aggregiert.png>
Package pdftex.def Info: Angebotskurve_Aggregiert.png  used on input line 483.
(pdftex.def)             Requested size: 227.62204pt x 87.4988pt.

Overfull \hbox (8.19206pt too wide) in paragraph at lines 483--484
 [] 
 []

<Marktgleichgewicht_1.png, id=48, 774.895pt x 612.2875pt>
File: Marktgleichgewicht_1.png Graphic file (type png)
<use Marktgleichgewicht_1.png>
Package pdftex.def Info: Marktgleichgewicht_1.png  used on input line 496.
(pdftex.def)             Requested size: 142.26378pt x 112.40253pt.

Underfull \hbox (badness 10000) in paragraph at lines 499--500

 []


Underfull \hbox (badness 10000) in paragraph at lines 501--502

 []

[7 </Users/xeno/Documents/GitHub/msc-studies-aero/Summaries/Economics/Angebotskurve_Aggregiert.png> </Users/xeno/Documents/GitHub/msc-studies-aero/Summaries/Economics/Marktgleichgewicht_1.png>]
<Preisbildung_Monopol.png, id=55, 1034.86626pt x 629.35126pt>
File: Preisbildung_Monopol.png Graphic file (type png)
<use Preisbildung_Monopol.png>
Package pdftex.def Info: Preisbildung_Monopol.png  used on input line 512.
(pdftex.def)             Requested size: 199.16928pt x 121.12407pt.

Underfull \hbox (badness 10000) in paragraph at lines 519--520
[]\OT1/bch/m/n/9 Gewinne w[]ahrend ei-ner ge-wis-sen
 []


Underfull \hbox (badness 10000) in paragraph at lines 521--522
[]\OT1/bch/m/n/9 Hierzu n[]otig sind je-doch ge-eig-ne-te Rah-
 []

<Natuerliches_Monopol_Preise.png, id=56, 742.775pt x 551.05875pt>
File: Natuerliches_Monopol_Preise.png Graphic file (type png)
<use Natuerliches_Monopol_Preise.png>
Package pdftex.def Info: Natuerliches_Monopol_Preise.png  used on input line 545.
(pdftex.def)             Requested size: 156.49014pt x 116.09572pt.

Underfull \hbox (badness 10000) in paragraph at lines 554--555

 []


Underfull \hbox (badness 10000) in paragraph at lines 556--557

 []

<Rentenkonzept.png, id=57, 553.06625pt x 430.60875pt>
File: Rentenkonzept.png Graphic file (type png)
<use Rentenkonzept.png>
Package pdftex.def Info: Rentenkonzept.png  used on input line 561.
(pdftex.def)             Requested size: 170.71652pt x 132.91568pt.

Underfull \hbox (badness 10000) in paragraph at lines 566--569

 []


Underfull \hbox (badness 10000) in paragraph at lines 566--569

 []

[8 </Users/xeno/Documents/GitHub/msc-studies-aero/Summaries/Economics/Preisbildung_Monopol.png> </Users/xeno/Documents/GitHub/msc-studies-aero/Summaries/Economics/Natuerliches_Monopol_Preise.png> </Users/xeno/Documents/GitHub/msc-studies-aero/Summaries/Economics/Rentenkonzept.png>]
<Wohlfahrtsverlust.png, id=64, 370.38374pt x 291.0875pt>
File: Wohlfahrtsverlust.png Graphic file (type png)
<use Wohlfahrtsverlust.png>
Package pdftex.def Info: Wohlfahrtsverlust.png  used on input line 571.
(pdftex.def)             Requested size: 170.71652pt x 134.16837pt.
<Steuerlast.png, id=65, 414.54875pt x 352.31625pt>
File: Steuerlast.png Graphic file (type png)
<use Steuerlast.png>
Package pdftex.def Info: Steuerlast.png  used on input line 609.
(pdftex.def)             Requested size: 142.26378pt x 120.90411pt.
<Subventionen.png, id=66, 421.575pt x 327.2225pt>
File: Subventionen.png Graphic file (type png)
<use Subventionen.png>
Package pdftex.def Info: Subventionen.png  used on input line 623.
(pdftex.def)             Requested size: 199.16928pt x 154.59348pt.
 [9 </Users/xeno/Documents/GitHub/msc-studies-aero/Summaries/Economics/Wohlfahrtsverlust.png> </Users/xeno/Documents/GitHub/msc-studies-aero/Summaries/Economics/Steuerlast.png> </Users/xeno/Documents/GitHub/msc-studies-aero/Summaries/Economics/Subventionen.png>]
Underfull \hbox (badness 10000) in paragraph at lines 633--634
[][]\OT1/bch/m/n/9 Offentliche G[]uter sind durch Nicht-
 []

<Oeffentliche_Gueter_Auszahlungsmatrix.png, id=73, 1427.3325pt x 571.13374pt>
File: Oeffentliche_Gueter_Auszahlungsmatrix.png Graphic file (type png)
<use Oeffentliche_Gueter_Auszahlungsmatrix.png>
Package pdftex.def Info: Oeffentliche_Gueter_Auszahlungsmatrix.png  used on input line 643.
(pdftex.def)             Requested size: 199.16928pt x 79.68802pt.
<Typen_von_Guetern.png, id=74, 632.3625pt x 397.485pt>
File: Typen_von_Guetern.png Graphic file (type png)
<use Typen_von_Guetern.png>
Package pdftex.def Info: Typen_von_Guetern.png  used on input line 647.
(pdftex.def)             Requested size: 199.16928pt x 125.19023pt.

Underfull \hbox (badness 5667) in paragraph at lines 657--658
[]\OT1/bch/m/n/9 Negativer ex-ter-ner Ef-fekt auf die Pro-duk-ti-
 []


Underfull \hbox (badness 10000) in paragraph at lines 658--659
[]\OT1/bch/m/n/9 Negativer ex-ter-ner Ef-fekt auf die Kon-
 []


Underfull \hbox (badness 10000) in paragraph at lines 659--660
[]\OT1/bch/m/n/9 Positiver ex-ter-ner Ef-fekt auf die Pro-duk-ti-
 []


Underfull \hbox (badness 10000) in paragraph at lines 660--661
[]\OT1/bch/m/n/9 Positiver ex-ter-ner Ef-fekt auf die Kon-
 []


Underfull \hbox (badness 10000) in paragraph at lines 663--664

 []


Underfull \hbox (badness 10000) in paragraph at lines 665--666

 []


Underfull \hbox (badness 10000) in paragraph at lines 667--668

 []


Underfull \hbox (badness 10000) in paragraph at lines 669--670

 []

<Negative_Effekte.png, id=75, 539.01375pt x 431.6125pt>
File: Negative_Effekte.png Graphic file (type png)
<use Negative_Effekte.png>
Package pdftex.def Info: Negative_Effekte.png  used on input line 674.
(pdftex.def)             Requested size: 199.16928pt x 159.48337pt.
<Positive_Effekte.png, id=76, 571.13374pt x 431.6125pt>
File: Positive_Effekte.png Graphic file (type png)
<use Positive_Effekte.png>
Package pdftex.def Info: Positive_Effekte.png  used on input line 678.
(pdftex.def)             Requested size: 199.16928pt x 150.51341pt.
[10 </Users/xeno/Documents/GitHub/msc-studies-aero/Summaries/Economics/Oeffentliche_Gueter_Auszahlungsmatrix.png> </Users/xeno/Documents/GitHub/msc-studies-aero/Summaries/Economics/Typen_von_Guetern.png> </Users/xeno/Documents/GitHub/msc-studies-aero/Summaries/Economics/Negative_Effekte.png>]
Underfull \hbox (badness 10000) in paragraph at lines 681--682

 []


Underfull \hbox (badness 10000) in paragraph at lines 687--688

 []


Underfull \hbox (badness 10000) in paragraph at lines 692--693
[]\OT1/bch/m/n/9 Verursacherprinizip: Ei-gen-tums-rech-te bei
 []

<Coarse_Modell.png, id=83, 965.6075pt x 717.68124pt>
File: Coarse_Modell.png Graphic file (type png)
<use Coarse_Modell.png>
Package pdftex.def Info: Coarse_Modell.png  used on input line 699.
(pdftex.def)             Requested size: 199.16928pt x 148.02357pt.

Underfull \hbox (badness 10000) in paragraph at lines 711--712
[]\OT1/bch/m/n/9 Verhandlungsmacht: Im Mo-dell nicht
 []


Underfull \hbox (badness 10000) in paragraph at lines 714--715

 []

<Preis-Standard-Ansatz.png, id=84, 589.20125pt x 357.335pt>
File: Preis-Standard-Ansatz.png Graphic file (type png)
<use Preis-Standard-Ansatz.png>
Package pdftex.def Info: Preis-Standard-Ansatz.png  used on input line 719.
(pdftex.def)             Requested size: 199.16928pt x 120.78891pt.
<Mengenregulierung.png, id=85, 785.93625pt x 525.965pt>
File: Mengenregulierung.png Graphic file (type png)
<use Mengenregulierung.png>
Package pdftex.def Info: Mengenregulierung.png  used on input line 725.
(pdftex.def)             Requested size: 199.16928pt x 133.28865pt.

Underfull \hbox (badness 10000) in paragraph at lines 728--729

 []


Underfull \hbox (badness 10000) in paragraph at lines 745--746
[]\OT1/bch/m/n/9 Die Kos-ten f[]ur die Einf[]uhrung von Steu-
 []

[11 </Users/xeno/Documents/GitHub/msc-studies-aero/Summaries/Economics/Positive_Effekte.png> </Users/xeno/Documents/GitHub/msc-studies-aero/Summaries/Economics/Coarse_Modell.png> </Users/xeno/Documents/GitHub/msc-studies-aero/Summaries/Economics/Preis-Standard-Ansatz.png> </Users/xeno/Documents/GitHub/msc-studies-aero/Summaries/Economics/Mengenregulierung.png>]
Underfull \hbox (badness 10000) in paragraph at lines 754--754
[]\OT1/bch/b/n/10 Homo Oe-co-no-mi-cus und Ver-hal-
 []


Underfull \hbox (badness 10000) in paragraph at lines 761--762
[]\OT1/bch/m/n/9 ...diejenige Al-ter-na-ti-ve w[]ahlt, die sei-nen
 []


Underfull \hbox (badness 5652) in paragraph at lines 770--771
\OT1/bch/m/n/9 Menschen ent-schei-den sich h[]aufig an-hand ein-fa-
 []


Underfull \hbox (badness 10000) in paragraph at lines 786--788

 []


Underfull \hbox (badness 10000) in paragraph at lines 811--812

 []


Underfull \hbox (badness 10000) in paragraph at lines 811--812

 []

<Bewertung_von_Gewinn_u_Verlust.png, id=93, 427.5975pt x 471.7625pt>
File: Bewertung_von_Gewinn_u_Verlust.png Graphic file (type png)
<use Bewertung_von_Gewinn_u_Verlust.png>
Package pdftex.def Info: Bewertung_von_Gewinn_u_Verlust.png  used on input line 816.
(pdftex.def)             Requested size: 156.49014pt x 172.64897pt.
[12]
Underfull \hbox (badness 10000) in paragraph at lines 834--835
[]\OT1/bch/b/n/9 Energy Ef-fi-cien-cy Gap\OT1/bch/m/n/9 : Ener-gie-ef-fi-zen-te
 []


Underfull \hbox (badness 10000) in paragraph at lines 847--848
[]\OT1/bch/m/n/9 Nudges/Schubser und so-zia-le Net-wer-
 []


Underfull \hbox (badness 10000) in paragraph at lines 854--855
\OT1/bch/m/n/9 Die Ver-hal-tens[]okonomie hilft, wirt-schafts-po-li-ti-sche
 []


Underfull \hbox (badness 10000) in paragraph at lines 856--856
[]\OT1/bch/b/n/10.95 Leistungskraft und Wohl-fahrt von
 []


Underfull \hbox (badness 10000) in paragraph at lines 869--870
[]\OT1/bch/m/n/9 Staat-Unternehmen: Steu-ern, Sub-ven-tio-nen,
 []


Underfull \hbox (badness 10000) in paragraph at lines 874--875

 []


Overfull \hbox (48.98557pt too wide) in paragraph at lines 876--888
[][] 
 []


Underfull \hbox (badness 10000) in paragraph at lines 876--888

 []


Overfull \hbox (0.84612pt too wide) in alignment at lines 891--911
[][] 
 []


Overfull \hbox (11.0375pt too wide) in paragraph at lines 891--912
[][] 
 []


Underfull \hbox (badness 10000) in paragraph at lines 891--912

 []


Underfull \hbox (badness 10000) in paragraph at lines 891--912

 []


Underfull \hbox (badness 10000) in paragraph at lines 891--912

 []

[13 </Users/xeno/Documents/GitHub/msc-studies-aero/Summaries/Economics/Bewertung_von_Gewinn_u_Verlust.png>]
Underfull \hbox (badness 10000) in paragraph at lines 913--914
[]\OT1/bch/b/n/9 Vorleistungen\OT1/bch/m/n/9 : Vor-leis-tun-gen wer-den vor je-dem
 []


Underfull \hbox (badness 10000) in paragraph at lines 913--914

 []


Underfull \hbox (badness 10000) in paragraph at lines 913--914

 []


Underfull \hbox (badness 10000) in paragraph at lines 915--916

 []


Underfull \hbox (badness 10000) in paragraph at lines 915--916

 []


Underfull \hbox (badness 10000) in paragraph at lines 917--918

 []


Underfull \hbox (badness 10000) in paragraph at lines 917--918

 []


Underfull \hbox (badness 10000) in paragraph at lines 919--920

 []


Underfull \hbox (badness 10000) in paragraph at lines 919--920

 []


Underfull \hbox (badness 10000) in paragraph at lines 926--927
[]\OT1/bch/m/n/9 Entstehungsrechnung/Produktionsansatz: Wert
 []


Underfull \hbox (badness 10000) in paragraph at lines 936--937
[]\OT1/bch/m/n/9 Nicht-Ber[]ucksichtigung von aus-ser-markt-li-chen
 []


Underfull \hbox (badness 10000) in paragraph at lines 939--940
[]\OT1/bch/m/n/9 Qualitative/Immaterielle Askpek-te nicht
 []

<Lorenzkurve.png, id=102, 883.3pt x 489.83pt>
File: Lorenzkurve.png Graphic file (type png)
<use Lorenzkurve.png>
Package pdftex.def Info: Lorenzkurve.png  used on input line 944.
(pdftex.def)             Requested size: 227.62204pt x 126.22418pt.

Overfull \hbox (8.19206pt too wide) in paragraph at lines 944--945
 [] 
 []


Underfull \hbox (badness 10000) in paragraph at lines 947--948

 []


Underfull \hbox (badness 10000) in paragraph at lines 947--948

 []

[14 </Users/xeno/Documents/GitHub/msc-studies-aero/Summaries/Economics/Lorenzkurve.png>]
Underfull \hbox (badness 10000) in paragraph at lines 957--958

 []


Underfull \hbox (badness 10000) in paragraph at lines 957--958

 []


Underfull \hbox (badness 10000) in paragraph at lines 959--960

 []


Underfull \hbox (badness 10000) in paragraph at lines 959--960

 []

<Konjunkurschwankungen_idealisiert.png, id=107, 839.135pt x 569.12625pt>
File: Konjunkurschwankungen_idealisiert.png Graphic file (type png)
<use Konjunkurschwankungen_idealisiert.png>
Package pdftex.def Info: Konjunkurschwankungen_idealisiert.png  used on input line 975.
(pdftex.def)             Requested size: 256.0748pt x 173.67444pt.

Overfull \hbox (36.64482pt too wide) in paragraph at lines 975--976
 [] 
 []

<Wachstumsdeterminanten.png, id=108, 839.135pt x 583.17876pt>
File: Wachstumsdeterminanten.png Graphic file (type png)
<use Wachstumsdeterminanten.png>
Package pdftex.def Info: Wachstumsdeterminanten.png  used on input line 989.
(pdftex.def)             Requested size: 227.62204pt x 158.19005pt.

Overfull \hbox (8.19206pt too wide) in paragraph at lines 989--990
 [] 
 []


Underfull \hbox (badness 10000) in paragraph at lines 1023--1024

 []

[15 </Users/xeno/Documents/GitHub/msc-studies-aero/Summaries/Economics/Konjunkurschwankungen_idealisiert.png> </Users/xeno/Documents/GitHub/msc-studies-aero/Summaries/Economics/Wachstumsdeterminanten.png>]
Underfull \hbox (badness 10000) in paragraph at lines 1037--1038

 []


Underfull \hbox (badness 10000) in paragraph at lines 1046--1047

 []


Underfull \hbox (badness 10000) in paragraph at lines 1048--1049
[]\OT1/bch/b/n/9 Vergleich von Steuer- und Staats-aus-ga-
 []


Underfull \hbox (badness 10000) in paragraph at lines 1048--1049

 []


Underfull \hbox (badness 10000) in paragraph at lines 1116--1117

 []

[16]
<Arbeitsangebot.png, id=117, 1016.79875pt x 564.1075pt>
File: Arbeitsangebot.png Graphic file (type png)
<use Arbeitsangebot.png>
Package pdftex.def Info: Arbeitsangebot.png  used on input line 1132.
(pdftex.def)             Requested size: 227.62204pt x 126.28174pt.
<Arbeitsangebot_2.png, id=118, 1249.66875pt x 848.16875pt>
File: Arbeitsangebot_2.png Graphic file (type png)
<use Arbeitsangebot_2.png>
Package pdftex.def Info: Arbeitsangebot_2.png  used on input line 1133.
(pdftex.def)             Requested size: 227.62204pt x 154.4886pt.

Overfull \hbox (8.19206pt too wide) in paragraph at lines 1132--1134
 [] 
 []


Overfull \hbox (8.19206pt too wide) in paragraph at lines 1132--1134
 [] 
 []


Underfull \hbox (badness 10000) in paragraph at lines 1136--1137

 []


Underfull \hbox (badness 10000) in paragraph at lines 1138--1139

 []

<Grenzprodukt.png, id=119, 705.63625pt x 514.92375pt>
File: Grenzprodukt.png Graphic file (type png)
<use Grenzprodukt.png>
Package pdftex.def Info: Grenzprodukt.png  used on input line 1179.
(pdftex.def)             Requested size: 227.62204pt x 166.09895pt.

Overfull \hbox (8.19206pt too wide) in paragraph at lines 1179--1180
 [] 
 []

[17 </Users/xeno/Documents/GitHub/msc-studies-aero/Summaries/Economics/Arbeitsangebot.png> </Users/xeno/Documents/GitHub/msc-studies-aero/Summaries/Economics/Arbeitsangebot_2.png> </Users/xeno/Documents/GitHub/msc-studies-aero/Summaries/Economics/Grenzprodukt.png>]
<Freiwillige_Arbeitslosigkeit.png, id=126, 903.375pt x 741.77126pt>
File: Freiwillige_Arbeitslosigkeit.png Graphic file (type png)
<use Freiwillige_Arbeitslosigkeit.png>
Package pdftex.def Info: Freiwillige_Arbeitslosigkeit.png  used on input line 1203.
(pdftex.def)             Requested size: 227.62204pt x 186.90245pt.

Overfull \hbox (8.19206pt too wide) in paragraph at lines 1203--1204
 [] 
 []

<Unfreiwillige_Arbeitslosigkeit.png, id=127, 903.375pt x 741.77126pt>
File: Unfreiwillige_Arbeitslosigkeit.png Graphic file (type png)
<use Unfreiwillige_Arbeitslosigkeit.png>
Package pdftex.def Info: Unfreiwillige_Arbeitslosigkeit.png  used on input line 1214.
(pdftex.def)             Requested size: 227.62204pt x 186.90245pt.

Overfull \hbox (8.19206pt too wide) in paragraph at lines 1214--1215
 [] 
 []


Underfull \hbox (badness 10000) in paragraph at lines 1232--1233
[]\OT1/bch/m/n/9 Es feh-len al-so $\OML/cmm/m/it/9 a \OMS/cmsy/m/n/9 ^^@ \OML/cmm/m/it/9 a[]$ \OT1/bch/m/n/9 Ar-bei-
 []


Underfull \hbox (badness 10000) in paragraph at lines 1234--1235
\OT1/bch/m/n/9 Die Mass-nah-me ge-gen ei-ne sin-ken-de
 []


Underfull \hbox (badness 10000) in paragraph at lines 1239--1240

 []


Underfull \hbox (badness 10000) in paragraph at lines 1241--1242

 []


Underfull \hbox (badness 10000) in paragraph at lines 1243--1244

 []


Underfull \hbox (badness 10000) in paragraph at lines 1245--1246

 []

[18 </Users/xeno/Documents/GitHub/msc-studies-aero/Summaries/Economics/Freiwillige_Arbeitslosigkeit.png> </Users/xeno/Documents/GitHub/msc-studies-aero/Summaries/Economics/Unfreiwillige_Arbeitslosigkeit.png>]
Underfull \hbox (badness 10000) in paragraph at lines 1252--1253
[]|   []   |   []\OT1/bch/m/n/9 : Ge-rin-ge
 []


Underfull \hbox (badness 10000) in paragraph at lines 1277--1278

 []


Underfull \hbox (badness 10000) in paragraph at lines 1296--1297
[]\OT1/bch/m/n/9 Ausstattung mit Pro-duk-ti-ons-fak-to-ren
 []

<Wohlfahrtmaximum_Handel.png, id=133, 602.25pt x 525.965pt>
File: Wohlfahrtmaximum_Handel.png Graphic file (type png)
<use Wohlfahrtmaximum_Handel.png>
Package pdftex.def Info: Wohlfahrtmaximum_Handel.png  used on input line 1306.
(pdftex.def)             Requested size: 227.62204pt x 198.79333pt.

Overfull \hbox (8.19206pt too wide) in paragraph at lines 1306--1307
 [] 
 []


Underfull \hbox (badness 10000) in paragraph at lines 1309--1310

 []


Underfull \hbox (badness 10000) in paragraph at lines 1311--1312

 []


Underfull \hbox (badness 10000) in paragraph at lines 1313--1314

 []


Underfull \hbox (badness 10000) in paragraph at lines 1315--1316

 []


Underfull \hbox (badness 10000) in paragraph at lines 1317--1318

 []

[19 </Users/xeno/Documents/GitHub/msc-studies-aero/Summaries/Economics/Wohlfahrtmaximum_Handel.png>]
<Importzoll.png, id=139, 562.1pt x 396.48125pt>
File: Importzoll.png Graphic file (type png)
<use Importzoll.png>
Package pdftex.def Info: Importzoll.png  used on input line 1330.
(pdftex.def)             Requested size: 227.62204pt x 160.55586pt.

Overfull \hbox (8.19206pt too wide) in paragraph at lines 1330--1331
 [] 
 []


Underfull \hbox (badness 10000) in paragraph at lines 1335--1336

 []


Underfull \hbox (badness 10000) in paragraph at lines 1337--1338

 []


Underfull \hbox (badness 10000) in paragraph at lines 1339--1340
[]\OT1/bch/b/n/9 Mengennotierung (Aus-sen-wert)\OT1/bch/m/n/9 : Wie-vel ei-ner
 []


Underfull \hbox (badness 10000) in paragraph at lines 1345--1346

 []


Underfull \hbox (badness 10000) in paragraph at lines 1347--1348

 []

<Bestimmung_nomineller_Wechselkurs.png, id=140, 666.49pt x 396.48125pt>
File: Bestimmung_nomineller_Wechselkurs.png Graphic file (type png)
<use Bestimmung_nomineller_Wechselkurs.png>
Package pdftex.def Info: Bestimmung_nomineller_Wechselkurs.png  used on input line 1350.
(pdftex.def)             Requested size: 227.62204pt x 135.40681pt.

Overfull \hbox (8.19206pt too wide) in paragraph at lines 1350--1351
 [] 
 []


Underfull \hbox (badness 10000) in paragraph at lines 1353--1354

 []


Overfull \hbox (56.63826pt too wide) detected at line 1359
 $[] \OT1/cmr/m/n/9 = []$  
 []


Underfull \hbox (badness 10000) in paragraph at lines 1361--1362

 []


Underfull \hbox (badness 10000) in paragraph at lines 1363--1364

 []


Underfull \hbox (badness 10000) in paragraph at lines 1365--1367

 []


Underfull \hbox (badness 10000) in paragraph at lines 1378--1379
[]\OT1/bch/m/n/9 Recheneinheit: Mass-stab, mit dem wir
 []

<Geldmengenaggregate.png, id=141, 595.22375pt x 309.155pt>
File: Geldmengenaggregate.png Graphic file (type png)
<use Geldmengenaggregate.png>
Package pdftex.def Info: Geldmengenaggregate.png  used on input line 1390.
(pdftex.def)             Requested size: 227.62204pt x 118.22545pt.

Overfull \hbox (8.19206pt too wide) in paragraph at lines 1390--1391
 [] 
 []

[20 </Users/xeno/Documents/GitHub/msc-studies-aero/Summaries/Economics/Importzoll.png> </Users/xeno/Documents/GitHub/msc-studies-aero/Summaries/Economics/Bestimmung_nomineller_Wechselkurs.png>]
Underfull \hbox (badness 10000) in paragraph at lines 1394--1395
[]$\OML/cmm/m/it/9 M[]$\OT1/bch/m/n/9 : T[]agliche Ein-la-gen und Bar-geld-um-lauf
 []


Overfull \hbox (10.32224pt too wide) detected at line 1408
 $[] \OT1/cmr/m/n/9 := [] \OMS/cmsy/m/n/9 ^^A[]$  
 []


Underfull \hbox (badness 10000) in paragraph at lines 1417--1418

 []


Underfull \hbox (badness 10000) in paragraph at lines 1445--1446
\OT1/bch/m/n/9 der Zen-tral-bank-men-ge. So-mit kann di-rekt das
 []


Underfull \hbox (badness 10000) in paragraph at lines 1445--1446

 []


Underfull \hbox (badness 10000) in paragraph at lines 1447--1448

 []


Underfull \hbox (badness 10000) in paragraph at lines 1449--1450

 []


Underfull \hbox (badness 10000) in paragraph at lines 1451--1452

 []


Underfull \hbox (badness 10000) in paragraph at lines 1456--1457
[]\OT1/bch/m/n/9 Expansive Geld-po-li-tik: Geld-men-ge bei
 []


Underfull \hbox (badness 10000) in paragraph at lines 1478--1479
\OT1/bch/m/n/9 (Durch-schnitts-prei-se und Ver-brauch-men-gen) ei-nes
 []

[21 </Users/xeno/Documents/GitHub/msc-studies-aero/Summaries/Economics/Geldmengenaggregate.png>]
Underfull \hbox (badness 10000) in paragraph at lines 1492--1493
[]\OT1/bch/m/n/9 Besitzer von Real-verm[]ogen wer-den
 []


Underfull \hbox (badness 10000) in paragraph at lines 1493--1494
[]\OT1/bch/m/n/9 Zahler fi-xier-ter Ein-kom-men wer-den
 []


Underfull \hbox (badness 10000) in paragraph at lines 1503--1504

 []

[22]
Underfull \hbox (badness 10000) in paragraph at lines 1604--1604
\OT1/bch/m/n/9 fra-struk-tur un-terst[]utzen
 []


Underfull \hbox (badness 10000) in paragraph at lines 1604--1605
[]|\OT1/bch/b/n/9 Verteilungsfragen
 []


Underfull \hbox (badness 6332) in paragraph at lines 1604--1605
\OT1/bch/m/n/9 k[]onnen zu []offentlichen
 []


Underfull \hbox (badness 10000) in paragraph at lines 1606--1606
\OT1/bch/m/n/9 men, der \OT1/bch/b/n/9 Pri-vat-sek-tor
 []


Underfull \hbox (badness 10000) in paragraph at lines 1606--1607
[]|\OT1/bch/m/n/9 Neue In-ves-ti-ti-ons-rei-ze
 []


Underfull \hbox (badness 10000) in paragraph at lines 1608--1608
[]|\OT1/bch/m/n/9 Dem \OT1/bch/b/n/9 Fi-nanz-sek-tor
 []


Underfull \hbox (badness 10000) in paragraph at lines 1608--1608
\OT1/bch/m/n/9 kommt ei-ne wich-ti-ge
 []


Underfull \hbox (badness 10000) in paragraph at lines 1599--1612

 []


Overfull \hbox (10.63017pt too wide) in paragraph at lines 1599--1612
[] 
 []


Underfull \hbox (badness 10000) in paragraph at lines 1599--1612

 []


Underfull \hbox (badness 10000) in paragraph at lines 1599--1612

 []


Underfull \hbox (badness 10000) in paragraph at lines 1622--1623
[]\OT1/bch/m/n/9 Pandemie be-trifft haups[]achlich kon-sum-na-he
 []


Underfull \hbox (badness 10000) in paragraph at lines 1644--1646

 []


Underfull \hbox (badness 10000) in paragraph at lines 1644--1646

 []

[23] (/Users/xeno/Documents/GitHub/msc-studies-aero/Summaries/Economics/Econ_Summary.aux) ) 
Here is how much of TeX's memory you used:
 20084 strings out of 478994
 423714 string characters out of 5858183
 883284 words of memory out of 5000000
 37151 multiletter control sequences out of 15000+600000
 425268 words of font info for 79 fonts, out of 8000000 for 9000
 1141 hyphenation exceptions out of 8191
 111i,11n,116p,10700b,467s stack positions out of 5000i,500n,10000p,200000b,80000s
{/usr/local/texlive/2021/texmf-dist/fonts/enc/dvips/base/8r.enc}</usr/local/texlive/2021/texmf-dist/fonts/type1/bitstrea/charter/bchb8a.pfb></usr/local/texlive/2021/texmf-dist/fonts/type1/bitstrea/charter/bchr8a.pfb></usr/local/texlive/2021/texmf-dist/fonts/type1/public/amsfonts/cmextra/cmex9.pfb></usr/local/texlive/2021/texmf-dist/fonts/type1/public/amsfonts/cm/cmmi5.pfb></usr/local/texlive/2021/texmf-dist/fonts/type1/public/amsfonts/cm/cmmi6.pfb></usr/local/texlive/2021/texmf-dist/fonts/type1/public/amsfonts/cm/cmmi9.pfb></usr/local/texlive/2021/texmf-dist/fonts/type1/public/amsfonts/cm/cmr5.pfb></usr/local/texlive/2021/texmf-dist/fonts/type1/public/amsfonts/cm/cmr6.pfb></usr/local/texlive/2021/texmf-dist/fonts/type1/public/amsfonts/cm/cmr9.pfb></usr/local/texlive/2021/texmf-dist/fonts/type1/public/amsfonts/cm/cmssbx10.pfb></usr/local/texlive/2021/texmf-dist/fonts/type1/public/amsfonts/cm/cmsy5.pfb></usr/local/texlive/2021/texmf-dist/fonts/type1/public/amsfonts/cm/cmsy6.pfb></usr/local/texlive/2021/texmf-dist/fonts/type1/public/amsfonts/cm/cmsy9.pfb>
Output written on /Users/xeno/Documents/GitHub/msc-studies-aero/Summaries/Economics/Econ_Summary.pdf (23 pages, 2070287 bytes).
PDF statistics:
 201 PDF objects out of 1000 (max. 8388607)
 96 compressed objects within 1 object stream
 0 named destinations out of 1000 (max. 500000)
 178 words of extra memory for PDF output out of 10000 (max. 10000000)

